2025-03-26 11:59:36 [main] INFO  SeleniumLoggingExample - Launching browser...
2025-03-26 11:59:39 [main] INFO  SeleniumLoggingExample - Navigated to example.com
2025-03-26 11:59:39 [main] WARN  SeleniumLoggingExample - This is just a test warning
2025-03-26 11:59:39 [main] INFO  SeleniumLoggingExample - Browser closed
2025-03-26 12:05:10 [main] INFO  SeleniumLoggingExample - Launching browser...
2025-03-26 12:05:11 [main] INFO  SeleniumLoggingExample - Navigated to example.com
2025-03-26 12:05:11 [main] WARN  SeleniumLoggingExample - This is just a test warning
2025-03-26 12:05:11 [main] INFO  SeleniumLoggingExample - Browser closed
2025-03-27 11:07:52 [main] INFO  Log - Starting WebDriver....
2025-03-27 11:08:01 [main] INFO  Log - Navigate To URL...
2025-03-27 11:08:04 [main] INFO  Log - Starting login test...
2025-03-27 11:08:04 [main] INFO  Log - Navigate to Login Page
2025-03-27 11:08:04 [main] INFO  Log - Entere credentails and click Login
2025-03-27 11:08:04 [main] INFO  Log - Closing Browser...
2025-03-27 11:13:04 [main] INFO  Log - Starting WebDriver....
2025-03-27 11:13:06 [main] INFO  Log - Navigate To URL...
2025-03-27 11:13:08 [main] INFO  Log - Starting login test...
2025-03-27 11:13:08 [main] INFO  Log - Navigate to Login Page
2025-03-27 11:13:08 [main] INFO  Log - Entere credentails and click Login
2025-03-27 11:13:08 [main] INFO  Log - Closing Browser...
2025-03-27 11:23:25 [main] INFO  Log - Starting WebDriver....
2025-03-27 11:23:27 [main] INFO  Log - Navigate To URL...
2025-03-27 11:23:28 [main] INFO  Log - Starting login test...
2025-03-27 11:23:28 [main] INFO  Log - Navigate to Login Page
2025-03-27 11:23:28 [main] INFO  Log - Entere credentails and click Login
2025-03-27 11:23:28 [main] INFO  Log - Closing Browser...
2025-03-27 11:26:27 [main] INFO  Log - Starting WebDriver....
2025-03-27 11:26:29 [main] INFO  Log - Navigate To URL...
2025-03-27 11:26:31 [main] INFO  Log - Starting login test...
2025-03-27 11:26:31 [main] INFO  Log - Navigate to Login Page
2025-03-27 11:26:31 [main] INFO  Log - Entere credentails and click Login
2025-03-27 11:26:31 [main] INFO  Log - Closing Browser...
2025-03-27 11:27:23 [main] INFO  Log - Starting WebDriver....
2025-03-27 11:27:25 [main] INFO  Log - Navigate To URL...
2025-03-27 11:27:26 [main] INFO  Log - Starting login test...
2025-03-27 11:27:26 [main] INFO  Log - Navigate to Login Page
2025-03-27 11:27:26 [main] INFO  Log - Entere credentails and click Login
2025-03-27 11:27:26 [main] INFO  Log - Closing Browser...
2025-03-27 11:28:22 [main] INFO  Log - Starting WebDriver....
2025-03-27 11:28:24 [main] INFO  Log - Navigate To URL...
2025-03-27 11:28:25 [main] INFO  Log - Starting login test...
2025-03-27 11:28:25 [main] INFO  Log - Navigate to Login Page
2025-03-27 11:28:25 [main] INFO  Log - Entere credentails and click Login
2025-03-27 11:28:25 [main] INFO  Log - Closing Browser...
2025-03-27 11:31:41 [main] INFO  Log - Starting WebDriver....
2025-03-27 11:31:42 [main] INFO  Log - Navigate To URL...
2025-03-27 11:31:44 [main] INFO  Log - Starting login test...
2025-03-27 11:31:44 [main] INFO  Log - Navigate to Login Page
2025-03-27 11:31:46 [main] INFO  Log - Entere credentails and click Login
2025-03-27 11:31:46 [main] INFO  Log - Closing Browser...
2025-03-27 11:33:18 [main] INFO  Log - Starting WebDriver....
2025-03-27 11:33:20 [main] INFO  Log - Navigate To URL...
2025-03-27 11:33:21 [main] INFO  Log - Starting login test...
2025-03-27 11:33:21 [main] INFO  Log - Navigate to Login Page
2025-03-27 11:33:21 [main] INFO  Log - Entere credentails and click Login
2025-03-27 11:33:21 [main] INFO  Log - Closing Browser...
2025-03-27 11:36:46 [main] INFO  Log - Starting WebDriver....
2025-03-27 11:36:48 [main] INFO  Log - Navigate To URL...
2025-03-27 11:36:49 [main] INFO  Log - Starting login test...
2025-03-27 11:36:49 [main] INFO  Log - Navigate to Login Page
2025-03-27 11:36:49 [main] INFO  Log - Entere credentails and click Login
2025-03-27 11:36:49 [main] INFO  Log - Closing Browser...
2025-03-27 11:42:12 [main] INFO  Log - Starting WebDriver....
2025-03-27 11:42:14 [main] INFO  Log - Navigate To URL...
2025-03-27 11:42:15 [main] INFO  Log - Starting login test...
2025-03-27 11:42:15 [main] INFO  Log - Navigate to Login Page
2025-03-27 11:42:15 [main] INFO  Log - Entere credentails and click Login
2025-03-27 11:42:15 [main] INFO  Log - Closing Browser...
2025-03-27 11:43:24 [main] INFO  Log - Starting WebDriver....
2025-03-27 11:43:26 [main] INFO  Log - Navigate To URL...
2025-03-27 11:43:27 [main] INFO  Log - Starting login test...
2025-03-27 11:43:27 [main] INFO  Log - Navigate to Login Page
2025-03-27 11:43:27 [main] INFO  Log - Entere credentails and click Login
2025-03-27 11:43:38 [main] INFO  Log - Closing Browser...
2025-03-27 11:44:18 [main] INFO  Log - Starting WebDriver....
2025-03-27 11:44:20 [main] INFO  Log - Navigate To URL...
2025-03-27 11:44:21 [main] INFO  Log - Starting login test...
2025-03-27 11:44:21 [main] INFO  Log - Navigate to Login Page
2025-03-27 11:44:21 [main] INFO  Log - Entere credentails and click Login
2025-03-27 11:44:33 [main] INFO  Log - Closing Browser...
2025-03-27 11:50:30 [main] INFO  Log - Starting WebDriver....
2025-03-27 11:50:32 [main] INFO  Log - Navigate To URL...
2025-03-27 11:50:33 [main] INFO  Log - Starting login test...
2025-03-27 11:50:33 [main] INFO  Log - Navigate to Login Page
2025-03-27 11:50:33 [main] INFO  Log - Entere credentails and click Login
2025-03-27 11:50:44 [main] INFO  Log - Closing Browser...
2025-03-27 11:51:12 [main] INFO  Log - Starting WebDriver....
2025-03-27 11:51:14 [main] INFO  Log - Navigate To URL...
2025-03-27 11:51:15 [main] INFO  Log - Starting login test...
2025-03-27 11:51:15 [main] INFO  Log - Navigate to Login Page
2025-03-27 11:51:15 [main] INFO  Log - Entere credentails and click Login
2025-03-27 11:51:15 [main] INFO  Log - Closing Browser...
2025-03-27 11:52:20 [main] INFO  Log - Starting WebDriver....
2025-03-27 11:52:21 [main] INFO  Log - Navigate To URL...
2025-03-27 11:52:23 [main] INFO  Log - Starting login test...
2025-03-27 11:52:23 [main] INFO  Log - Navigate to Login Page
2025-03-27 11:52:23 [main] INFO  Log - Entere credentails and click Login
2025-03-27 11:52:23 [main] INFO  Log - Closing Browser...
2025-03-27 11:53:28 [main] INFO  Log - Starting WebDriver....
2025-03-27 11:53:29 [main] INFO  Log - Navigate To URL...
2025-03-27 11:53:31 [main] INFO  Log - Starting login test...
2025-03-27 11:53:31 [main] INFO  Log - Navigate to Login Page
2025-03-27 11:53:31 [main] INFO  Log - Entere credentails and click Login
2025-03-27 11:53:31 [main] INFO  Log - Closing Browser...
2025-03-27 11:56:13 [main] INFO  Log - Starting WebDriver....
2025-03-27 11:56:14 [main] INFO  Log - Navigate To URL...
2025-03-27 11:56:16 [main] INFO  Log - Starting login test...
2025-03-27 11:56:16 [main] INFO  Log - Navigate to Login Page
2025-03-27 11:56:16 [main] INFO  Log - Entere credentails and click Login
2025-03-27 11:56:16 [main] INFO  Log - Closing Browser...
2025-03-27 11:56:39 [main] INFO  Log - Starting WebDriver....
2025-03-27 11:56:40 [main] INFO  Log - Navigate To URL...
2025-03-27 11:56:41 [main] INFO  Log - Starting login test...
2025-03-27 11:56:41 [main] INFO  Log - Navigate to Login Page
2025-03-27 11:56:41 [main] INFO  Log - Entere credentails and click Login
2025-03-27 11:56:42 [main] INFO  Log - Closing Browser...
2025-03-27 11:57:12 [main] INFO  Log - Starting WebDriver....
2025-03-27 11:57:13 [main] INFO  Log - Navigate To URL...
2025-03-27 11:57:14 [main] INFO  Log - Starting login test...
2025-03-27 11:57:14 [main] INFO  Log - Navigate to Login Page
2025-03-27 11:57:14 [main] INFO  Log - Entere credentails and click Login
2025-03-27 11:57:14 [main] INFO  Log - Closing Browser...
2025-03-27 11:58:01 [main] INFO  Log - Starting WebDriver....
2025-03-27 11:58:02 [main] INFO  Log - Navigate To URL...
2025-03-27 11:58:04 [main] INFO  Log - Starting login test...
2025-03-27 11:58:04 [main] INFO  Log - Navigate to Login Page
2025-03-27 11:58:04 [main] INFO  Log - Entere credentails and click Login
2025-03-27 11:58:04 [main] INFO  Log - Closing Browser...
2025-03-27 11:59:12 [main] INFO  Log - Starting WebDriver....
2025-03-27 11:59:14 [main] INFO  Log - Navigate To URL...
2025-03-27 11:59:15 [main] INFO  Log - Starting login test...
2025-03-27 11:59:15 [main] INFO  Log - Navigate to Login Page
2025-03-27 11:59:15 [main] INFO  Log - Entere credentails and click Login
2025-03-27 11:59:15 [main] INFO  Log - Closing Browser...
2025-03-27 12:00:57 [main] INFO  Log - Starting WebDriver....
2025-03-27 12:00:58 [main] INFO  Log - Navigate To URL...
2025-03-27 12:01:00 [main] INFO  Log - Starting login test...
2025-03-27 12:01:00 [main] INFO  Log - Navigate to Login Page
2025-03-27 12:01:00 [main] INFO  Log - Entere credentails and click Login
2025-03-27 12:01:00 [main] INFO  Log - Verifying Page Title
2025-03-27 12:01:01 [main] INFO  Log - Closing Browser...
2025-03-27 12:02:21 [main] INFO  Log - Starting WebDriver....
2025-03-27 12:02:22 [main] INFO  Log - Navigate To URL...
2025-03-27 12:02:23 [main] INFO  Log - Starting login test...
2025-03-27 12:02:23 [main] INFO  Log - Navigate to Login Page
2025-03-27 12:02:23 [main] INFO  Log - Entere credentails and click Login
2025-03-27 12:02:24 [main] INFO  Log - Verifying Page Title
2025-03-27 12:02:25 [main] INFO  Log - Login Test Completed
2025-03-27 12:02:25 [main] INFO  Log - Closing Browser...
2025-03-27 12:08:59 [main] INFO  Log - Starting WebDriver....
2025-03-27 12:09:01 [main] INFO  Log - Navigate To URL...
2025-03-27 12:09:03 [main] INFO  Log - Starting login test...
2025-03-27 12:09:03 [main] INFO  Log - Navigate to Login Page
2025-03-27 12:09:03 [main] INFO  Log - Entere credentails and click Login
2025-03-27 12:09:04 [main] INFO  Log - Verifying Page Title
2025-03-27 12:09:05 [main] INFO  Log - Login Test Completed
2025-03-27 12:09:05 [main] INFO  Log - Closing Browser...
2025-03-27 12:34:48 [main] INFO  Log - Starting WebDriver....
2025-03-27 12:34:49 [main] INFO  Log - Navigate To URL...
2025-03-27 12:34:51 [main] INFO  Log - Starting login test...
2025-03-27 12:34:51 [main] INFO  Log - Navigate to Login Page
2025-03-27 12:34:51 [main] INFO  Log - Entere credentails and click Login
2025-03-27 12:34:51 [main] INFO  Log - Verifying Page Title
2025-03-27 12:34:53 [main] INFO  Log - Login Test Completed
2025-03-27 12:34:53 [main] INFO  Log - Closing Browser...
2025-03-27 12:35:19 [main] INFO  Log - Starting WebDriver....
2025-03-27 12:35:20 [main] INFO  Log - Navigate To URL...
2025-03-27 12:35:22 [main] INFO  Log - Starting login test...
2025-03-27 12:35:22 [main] INFO  Log - Navigate to Login Page
2025-03-27 12:35:22 [main] INFO  Log - Entere credentails and click Login
2025-03-27 12:35:22 [main] INFO  Log - Verifying Page Title
2025-03-27 12:35:23 [main] INFO  Log - Closing Browser...
2025-03-27 12:36:22 [main] INFO  Log - Starting WebDriver....
2025-03-27 12:36:24 [main] INFO  Log - Navigate To URL...
2025-03-27 12:36:25 [main] INFO  Log - Starting login test...
2025-03-27 12:36:25 [main] INFO  Log - Navigate to Login Page
2025-03-27 12:36:25 [main] INFO  Log - Entere credentails and click Login
2025-03-27 12:36:25 [main] INFO  Log - Verifying Page Title
2025-03-27 12:37:07 [main] INFO  Log - Starting WebDriver....
2025-03-27 12:37:08 [main] INFO  Log - Navigate To URL...
2025-03-27 12:37:10 [main] INFO  Log - Starting login test...
2025-03-27 12:37:10 [main] INFO  Log - Navigate to Login Page
2025-03-27 12:37:10 [main] INFO  Log - Entere credentails and click Login
2025-03-27 12:37:10 [main] INFO  Log - Verifying Page Title
2025-03-27 12:37:12 [main] INFO  Log - Closing Browser...
2025-03-27 12:39:06 [main] INFO  Log - Starting WebDriver....
2025-03-27 12:39:07 [main] INFO  Log - Navigate To URL...
2025-03-27 12:39:09 [main] INFO  Log - Starting login test...
2025-03-27 12:39:09 [main] INFO  Log - Navigate to Login Page
2025-03-27 12:39:09 [main] INFO  Log - Entere credentails and click Login
2025-03-27 12:39:09 [main] INFO  Log - Verifying Page Title
2025-03-27 12:40:41 [main] INFO  Log - Starting WebDriver....
2025-03-27 12:40:43 [main] INFO  Log - Navigate To URL...
2025-03-27 12:40:44 [main] INFO  Log - Starting login test...
2025-03-27 12:40:44 [main] INFO  Log - Navigate to Login Page
2025-03-27 12:40:44 [main] INFO  Log - Entere credentails and click Login
2025-03-27 12:40:44 [main] INFO  Log - Verifying Page Title
2025-03-27 12:40:46 [main] INFO  Log - Closing Browser...
2025-03-27 12:50:22 [main] INFO  Log - Starting WebDriver....
2025-03-27 12:50:24 [main] INFO  Log - Navigate To URL...
2025-03-27 12:50:25 [main] INFO  Log - Starting login test...
2025-03-27 12:50:25 [main] INFO  Log - Navigate to Login Page
2025-03-27 12:50:25 [main] INFO  Log - Entere credentails and click Login
2025-03-27 12:50:26 [main] INFO  Log - Verifying Page Title
2025-03-27 12:50:28 [main] INFO  Log - Closing Browser...
2025-03-27 12:52:47 [main] INFO  Log - Starting WebDriver....
2025-03-27 12:52:49 [main] INFO  Log - Navigate To URL...
2025-03-27 12:52:50 [main] INFO  Log - Starting login test...
2025-03-27 12:52:50 [main] INFO  Log - Navigate to Login Page
2025-03-27 12:52:50 [main] INFO  Log - Entere credentails and click Login
2025-03-27 12:52:50 [main] INFO  Log - Verifying Page Title
2025-03-27 12:52:52 [main] INFO  Log - Closing Browser...
2025-03-27 12:53:51 [main] INFO  Log - Starting WebDriver....
2025-03-27 12:53:52 [main] INFO  Log - Navigate To URL...
2025-03-27 12:53:54 [main] INFO  Log - Starting login test...
2025-03-27 12:53:54 [main] INFO  Log - Navigate to Login Page
2025-03-27 12:53:54 [main] INFO  Log - Entere credentails and click Login
2025-03-27 12:53:54 [main] INFO  Log - Verifying Page Title
2025-03-27 12:53:57 [main] INFO  Log - Closing Browser...
2025-03-27 12:58:06 [main] INFO  Log - Starting WebDriver....
2025-03-27 12:58:07 [main] INFO  Log - Navigate To URL...
2025-03-27 12:58:09 [main] INFO  Log - Starting login test...
2025-03-27 12:58:09 [main] INFO  Log - Navigate to Login Page
2025-03-27 12:58:09 [main] INFO  Log - Entere credentails and click Login
2025-03-27 12:58:09 [main] INFO  Log - Verifying Page Title
2025-03-27 12:58:11 [main] INFO  Log - Closing Browser...
2025-03-27 13:01:40 [main] INFO  Log - Starting WebDriver....
2025-03-27 13:01:42 [main] INFO  Log - Navigate To URL...
2025-03-27 13:01:43 [main] INFO  Log - Starting login test...
2025-03-27 13:01:43 [main] INFO  Log - Navigate to Login Page
2025-03-27 13:01:43 [main] INFO  Log - Entere credentails and click Login
2025-03-27 13:01:43 [main] INFO  Log - Verifying Page Title
2025-03-27 13:03:48 [main] INFO  Log - Starting WebDriver....
2025-03-27 13:03:50 [main] INFO  Log - Navigate To URL...
2025-03-27 13:03:51 [main] INFO  Log - Starting login test...
2025-03-27 13:03:51 [main] INFO  Log - Navigate to Login Page
2025-03-27 13:03:51 [main] INFO  Log - Entere credentails and click Login
2025-03-27 13:03:51 [main] INFO  Log - Verifying Page Title
2025-03-27 13:03:53 [main] INFO  Log - Closing Browser...
2025-03-27 13:07:44 [main] INFO  Log - Starting WebDriver....
2025-03-27 13:07:46 [main] INFO  Log - Navigate To URL...
2025-03-27 13:07:47 [main] INFO  Log - Starting login test...
2025-03-27 13:07:47 [main] INFO  Log - Navigate to Login Page
2025-03-27 13:07:47 [main] INFO  Log - Entere credentails and click Login
2025-03-27 13:07:47 [main] INFO  Log - Verifying Page Title
2025-03-27 13:07:49 [main] INFO  Log - Closing Browser...
2025-03-27 13:10:32 [main] INFO  Log - Starting WebDriver....
2025-03-27 13:10:35 [main] INFO  Log - Navigate To URL...
2025-03-27 13:10:36 [main] INFO  Log - Starting login test...
2025-03-27 13:10:36 [main] INFO  Log - Navigate to Login Page
2025-03-27 13:10:36 [main] INFO  Log - Entere credentails and click Login
2025-03-27 13:10:36 [main] INFO  Log - Verifying Page Title
2025-03-27 13:12:17 [main] INFO  Log - Starting WebDriver....
2025-03-27 13:12:18 [main] INFO  Log - Navigate To URL...
2025-03-27 13:12:19 [main] INFO  Log - Starting login test...
2025-03-27 13:12:19 [main] INFO  Log - Navigate to Login Page
2025-03-27 13:12:20 [main] INFO  Log - Entere credentails and click Login
2025-03-27 13:12:20 [main] INFO  Log - Verifying Page Title
2025-03-27 13:12:22 [main] INFO  Log - Closing Browser...
2025-03-27 13:15:31 [main] INFO  Log - Starting WebDriver....
2025-03-27 13:15:32 [main] INFO  Log - Navigate To URL...
2025-03-27 13:15:33 [main] INFO  Log - Starting login test...
2025-03-27 13:15:33 [main] INFO  Log - Navigate to Login Page
2025-03-27 13:15:33 [main] INFO  Log - Entere credentails and click Login
2025-03-27 13:15:34 [main] INFO  Log - Verifying Page Title
2025-03-27 13:15:36 [main] INFO  Log - Closing Browser...
2025-03-27 13:16:22 [main] INFO  Log - Starting WebDriver....
2025-03-27 13:16:24 [main] INFO  Log - Navigate To URL...
2025-03-27 13:16:25 [main] INFO  Log - Starting login test...
2025-03-27 13:16:25 [main] INFO  Log - Navigate to Login Page
2025-03-27 13:16:25 [main] INFO  Log - Entere credentails and click Login
2025-03-27 13:16:25 [main] INFO  Log - Verifying Page Title
2025-03-27 13:16:27 [main] INFO  Log - Closing Browser...
2025-03-27 13:22:54 [main] INFO  Log - Starting WebDriver....
2025-03-27 13:22:56 [main] INFO  Log - Navigate To URL...
2025-03-27 13:22:57 [main] INFO  Log - Starting login test...
2025-03-27 13:22:57 [main] INFO  Log - Navigate to Login Page
2025-03-27 13:22:57 [main] INFO  Log - Entere credentails and click Login
2025-03-27 13:22:57 [main] INFO  Log - Verifying Page Title
2025-03-27 13:22:59 [main] INFO  Log - Closing Browser...
2025-03-27 13:35:33 [main] INFO  Log - Starting WebDriver....
2025-03-27 13:35:35 [main] INFO  Log - Navigate To URL...
2025-03-27 13:35:37 [main] INFO  Log - Starting login test...
2025-03-27 13:35:37 [main] INFO  Log - Navigate to Login Page
2025-03-27 13:35:37 [main] INFO  Log - Entere credentails and click Login
2025-03-27 13:35:37 [main] INFO  Log - Verifying Page Title
2025-03-27 13:35:39 [main] INFO  Log - Closing Browser...
2025-03-27 13:45:21 [main] INFO  Log - Starting WebDriver....
2025-03-27 13:45:23 [main] INFO  Log - Navigate To URL...
2025-03-27 13:45:24 [main] INFO  Log - Starting login test...
2025-03-27 13:45:24 [main] INFO  Log - Navigate to Login Page
2025-03-27 13:45:24 [main] INFO  Log - Entere credentails and click Login
2025-03-27 13:45:25 [main] INFO  Log - Verifying Page Title
2025-03-27 13:46:42 [main] INFO  Log - Starting WebDriver....
2025-03-27 13:46:43 [main] INFO  Log - Navigate To URL...
2025-03-27 13:46:44 [main] INFO  Log - Starting login test...
2025-03-27 13:46:44 [main] INFO  Log - Navigate to Login Page
2025-03-27 13:46:44 [main] INFO  Log - Entere credentails and click Login
2025-03-27 13:46:44 [main] INFO  Log - Verifying Page Title
2025-03-27 13:48:38 [main] INFO  Log - Starting WebDriver....
2025-03-27 13:48:39 [main] INFO  Log - Navigate To URL...
2025-03-27 13:48:41 [main] INFO  Log - Starting login test...
2025-03-27 13:48:41 [main] INFO  Log - Navigate to Login Page
2025-03-27 13:48:41 [main] INFO  Log - Entere credentails and click Login
2025-03-27 13:48:41 [main] INFO  Log - Verifying Page Title
2025-03-27 13:49:35 [main] INFO  Log - Starting WebDriver....
2025-03-27 13:49:37 [main] INFO  Log - Navigate To URL...
2025-03-27 13:49:38 [main] INFO  Log - Starting login test...
2025-03-27 13:49:38 [main] INFO  Log - Navigate to Login Page
2025-03-27 13:49:38 [main] INFO  Log - Entere credentails and click Login
2025-03-27 13:49:39 [main] INFO  Log - Verifying Page Title
2025-03-27 13:49:41 [main] INFO  Log - Closing Browser...
2025-03-27 13:53:58 [main] INFO  Log - Starting WebDriver....
2025-03-27 13:53:59 [main] INFO  Log - Navigate To URL...
2025-03-27 13:54:00 [main] INFO  Log - Starting login test...
2025-03-27 13:54:00 [main] INFO  Log - Navigate to Login Page
2025-03-27 13:54:00 [main] INFO  Log - Entere credentails and click Login
2025-03-27 13:54:01 [main] INFO  Log - Verifying Page Title
2025-03-27 13:54:02 [main] INFO  Log - Closing Browser...
2025-03-27 14:00:27 [main] INFO  Log - Starting WebDriver....
2025-03-27 14:00:29 [main] INFO  Log - Navigate To URL...
2025-03-27 14:00:30 [main] INFO  Log - Starting login test...
2025-03-27 14:00:30 [main] INFO  Log - Navigate to Login Page
2025-03-27 14:00:30 [main] INFO  Log - Entere credentails and click Login
2025-03-27 14:00:30 [main] INFO  Log - Verifying Page Title
2025-03-27 14:00:32 [main] INFO  Log - Closing Browser...
2025-03-27 14:06:15 [main] INFO  Log - Starting WebDriver....
2025-03-27 14:06:17 [main] INFO  Log - Navigate To URL...
2025-03-27 14:06:18 [main] INFO  Log - Starting login test...
2025-03-27 14:06:18 [main] INFO  Log - Navigate to Login Page
2025-03-27 14:06:18 [main] INFO  Log - Entere credentails and click Login
2025-03-27 14:06:18 [main] INFO  Log - Verifying Page Title
2025-03-27 14:06:20 [main] INFO  Log - Closing Browser...
2025-03-27 14:08:25 [main] INFO  Log - Starting WebDriver....
2025-03-27 14:08:26 [main] INFO  Log - Navigate To URL...
2025-03-27 14:08:28 [main] INFO  Log - Starting login test...
2025-03-27 14:08:28 [main] INFO  Log - Navigate to Login Page
2025-03-27 14:08:28 [main] INFO  Log - Entere credentails and click Login
2025-03-27 14:08:28 [main] INFO  Log - Verifying Page Title
2025-03-27 14:19:08 [main] INFO  Log - Starting WebDriver....
2025-03-27 14:19:11 [main] INFO  Log - Navigate To URL...
2025-03-27 14:19:12 [main] INFO  Log - Starting login test...
2025-03-27 14:19:12 [main] INFO  Log - Navigate to Login Page
2025-03-27 14:19:12 [main] INFO  Log - Entere credentails and click Login
2025-03-27 14:19:12 [main] INFO  Log - Verifying Page Title
2025-03-27 14:19:14 [main] INFO  Log - Closing Browser...
2025-03-27 14:30:24 [main] INFO  Log - Starting WebDriver....
2025-03-27 14:30:25 [main] INFO  Log - Navigate To URL...
2025-03-27 14:30:27 [main] INFO  Log - Starting login test...
2025-03-27 14:30:27 [main] INFO  Log - Navigate to Login Page
2025-03-27 14:30:27 [main] INFO  Log - Entere credentails and click Login
2025-03-27 14:30:27 [main] INFO  Log - Verifying Page Title
2025-03-27 14:32:57 [main] INFO  Log - Starting WebDriver....
2025-03-27 14:32:58 [main] INFO  Log - Navigate To URL...
2025-03-27 14:32:59 [main] INFO  Log - Starting login test...
2025-03-27 14:32:59 [main] INFO  Log - Navigate to Login Page
2025-03-27 14:32:59 [main] INFO  Log - Entere credentails and click Login
2025-03-27 14:32:59 [main] INFO  Log - Verifying Page Title
2025-03-27 14:38:17 [main] INFO  Log - Starting WebDriver....
2025-03-27 14:38:18 [main] INFO  Log - Navigate To URL...
2025-03-27 14:38:20 [main] INFO  Log - Starting login test...
2025-03-27 14:38:20 [main] INFO  Log - Navigate to Login Page
2025-03-27 14:38:20 [main] INFO  Log - Entere credentails and click Login
2025-03-27 14:38:20 [main] INFO  Log - Verifying Page Title
2025-03-27 14:41:55 [main] INFO  Log - Starting WebDriver....
2025-03-27 14:41:57 [main] INFO  Log - Navigate To URL...
2025-03-27 14:41:58 [main] INFO  Log - Starting login test...
2025-03-27 14:41:58 [main] INFO  Log - Navigate to Login Page
2025-03-27 14:41:58 [main] INFO  Log - Entere credentails and click Login
2025-03-27 14:41:58 [main] INFO  Log - Verifying Page Title
2025-03-27 14:43:11 [main] INFO  Log - Starting WebDriver....
2025-03-27 14:43:12 [main] INFO  Log - Navigate To URL...
2025-03-27 14:43:14 [main] INFO  Log - Starting login test...
2025-03-27 14:43:14 [main] INFO  Log - Navigate to Login Page
2025-03-27 14:43:14 [main] INFO  Log - Entere credentails and click Login
2025-03-27 14:43:14 [main] INFO  Log - Verifying Page Title
2025-03-27 14:44:27 [main] INFO  Log - Starting WebDriver....
2025-03-27 14:44:28 [main] INFO  Log - Navigate To URL...
2025-03-27 14:44:29 [main] INFO  Log - Starting login test...
2025-03-27 14:44:29 [main] INFO  Log - Navigate to Login Page
2025-03-27 14:44:29 [main] INFO  Log - Entere credentails and click Login
2025-03-27 14:44:30 [main] INFO  Log - Verifying Page Title
2025-03-27 14:44:32 [main] INFO  Log - Closing Browser...
2025-03-27 14:45:51 [main] INFO  Log - Starting WebDriver....
2025-03-27 14:45:53 [main] INFO  Log - Navigate To URL...
2025-03-27 14:45:54 [main] INFO  Log - Starting login test...
2025-03-27 14:45:54 [main] INFO  Log - Navigate to Login Page
2025-03-27 14:45:54 [main] INFO  Log - Entere credentails and click Login
2025-03-27 14:45:54 [main] INFO  Log - Verifying Page Title
2025-03-27 14:45:56 [main] INFO  Log - Closing Browser...
2025-03-27 14:50:35 [main] INFO  Log - Starting WebDriver....
2025-03-27 14:50:37 [main] INFO  Log - Navigate To URL...
2025-03-27 14:50:38 [main] INFO  Log - Starting login test...
2025-03-27 14:50:38 [main] INFO  Log - Navigate to Login Page
2025-03-27 14:50:38 [main] INFO  Log - Entere credentails and click Login
2025-03-27 14:50:41 [main] INFO  Log - Verifying Page Title
2025-03-27 14:51:35 [main] INFO  Log - Starting WebDriver....
2025-03-27 14:51:36 [main] INFO  Log - Navigate To URL...
2025-03-27 14:51:38 [main] INFO  Log - Starting login test...
2025-03-27 14:51:38 [main] INFO  Log - Navigate to Login Page
2025-03-27 14:51:38 [main] INFO  Log - Entere credentails and click Login
2025-03-27 14:51:38 [main] INFO  Log - Verifying Page Title
2025-03-27 14:51:40 [main] INFO  Log - Closing Browser...
2025-03-27 14:53:05 [main] INFO  Log - Starting WebDriver....
2025-03-27 14:53:06 [main] INFO  Log - Navigate To URL...
2025-03-27 14:53:07 [main] INFO  Log - Starting login test...
2025-03-27 14:53:07 [main] INFO  Log - Navigate to Login Page
2025-03-27 14:53:07 [main] INFO  Log - Entere credentails and click Login
2025-03-27 14:53:07 [main] INFO  Log - Verifying Page Title
2025-03-27 14:53:09 [main] INFO  Log - Closing Browser...
2025-03-27 15:00:22 [main] INFO  Log - Starting WebDriver....
2025-03-27 15:00:24 [main] INFO  Log - Navigate To URL...
2025-03-27 15:00:25 [main] INFO  Log - Starting login test...
2025-03-27 15:00:25 [main] INFO  Log - Navigate to Login Page
2025-03-27 15:00:25 [main] INFO  Log - Entere credentails and click Login
2025-03-27 15:00:25 [main] INFO  Log - Verifying Page Title
2025-03-27 15:01:39 [main] INFO  Log - Starting WebDriver....
2025-03-27 15:01:40 [main] INFO  Log - Navigate To URL...
2025-03-27 15:01:42 [main] INFO  Log - Starting login test...
2025-03-27 15:01:42 [main] INFO  Log - Navigate to Login Page
2025-03-27 15:01:42 [main] INFO  Log - Entere credentails and click Login
2025-03-27 15:01:42 [main] INFO  Log - Verifying Page Title
2025-03-27 15:02:18 [main] INFO  Log - Starting WebDriver....
2025-03-27 15:02:19 [main] INFO  Log - Navigate To URL...
2025-03-27 15:02:20 [main] INFO  Log - Starting login test...
2025-03-27 15:02:20 [main] INFO  Log - Navigate to Login Page
2025-03-27 15:02:20 [main] INFO  Log - Entere credentails and click Login
2025-03-27 15:02:21 [main] INFO  Log - Verifying Page Title
2025-03-27 15:02:22 [main] INFO  Log - Closing Browser...
2025-04-04 18:20:48 [main] INFO  Log - Starting WebDriver....
2025-04-04 18:20:55 [main] INFO  Log - Navigate To URL...
2025-04-04 18:20:58 [main] INFO  Log - Starting login test...
2025-04-04 18:20:58 [main] INFO  Log - Navigate to Login Page
2025-04-04 18:20:58 [main] INFO  Log - Entere credentails and click Login
2025-04-04 18:20:59 [main] INFO  Log - Verifying Page Title
2025-04-04 18:21:05 [main] INFO  Log - Closing Browser...
2025-04-04 18:24:49 [main] INFO  Log - Starting WebDriver....
2025-04-04 18:24:57 [main] INFO  Log - Navigate To URL...
2025-04-04 18:25:00 [main] INFO  Log - Starting login test...
2025-04-04 18:25:00 [main] INFO  Log - Navigate to Login Page
2025-04-04 18:25:00 [main] INFO  Log - Entere credentails and click Login
2025-04-04 18:25:00 [main] INFO  Log - Verifying Page Title
2025-04-04 18:25:02 [main] INFO  Log - Closing Browser...
2025-04-04 18:30:46 [main] INFO  Log - Starting WebDriver....
2025-04-04 18:30:47 [main] INFO  Log - Navigate To URL...
2025-04-04 18:34:27 [main] INFO  Log - Starting WebDriver....
2025-04-04 18:34:28 [main] INFO  Log - Navigate To URL...
2025-04-04 18:34:32 [main] INFO  Log - Starting login test...
2025-04-04 18:34:32 [main] INFO  Log - Navigate to Login Page
2025-04-04 18:34:32 [main] INFO  Log - Entere credentails and click Login
2025-04-04 18:34:32 [main] INFO  Log - Verifying Page Title
2025-04-04 18:34:40 [main] INFO  Log - Closing Browser...
2025-04-04 18:38:54 [main] INFO  Log - Starting WebDriver....
2025-04-04 18:38:55 [main] INFO  Log - Navigate To URL...
2025-04-04 18:39:34 [main] INFO  Log - Starting login test...
2025-04-04 18:39:34 [main] INFO  Log - Navigate to Login Page
2025-04-04 18:39:34 [main] INFO  Log - Entere credentails and click Login
2025-04-04 18:39:34 [main] INFO  Log - Verifying Page Title
2025-04-04 18:41:36 [main] INFO  Log - Starting WebDriver....
2025-04-04 18:41:37 [main] INFO  Log - Navigate To URL...
2025-04-04 18:43:15 [main] INFO  Log - Starting login test...
2025-04-04 18:43:15 [main] INFO  Log - Navigate to Login Page
2025-04-04 18:43:15 [main] INFO  Log - Entere credentails and click Login
2025-04-04 18:43:44 [main] INFO  Log - Starting WebDriver....
2025-04-04 18:43:45 [main] INFO  Log - Navigate To URL...
2025-04-04 18:44:09 [main] INFO  Log - Starting login test...
2025-04-04 18:44:09 [main] INFO  Log - Navigate to Login Page
2025-04-04 18:44:09 [main] INFO  Log - Entere credentails and click Login
2025-04-04 18:44:09 [main] INFO  Log - Verifying Page Title
2025-04-04 18:45:30 [main] INFO  Log - Starting WebDriver....
2025-04-04 18:45:31 [main] INFO  Log - Navigate To URL...
2025-04-04 18:46:06 [main] INFO  Log - Starting login test...
2025-04-04 18:46:06 [main] INFO  Log - Navigate to Login Page
2025-04-04 18:46:06 [main] INFO  Log - Entere credentails and click Login
2025-04-04 18:46:07 [main] INFO  Log - Verifying Page Title
2025-04-04 18:47:29 [main] INFO  Log - Starting WebDriver....
2025-04-04 18:47:30 [main] INFO  Log - Navigate To URL...
2025-04-04 18:51:20 [main] INFO  Log - Starting WebDriver....
2025-04-04 18:51:21 [main] INFO  Log - Navigate To URL...
2025-04-04 18:51:24 [main] INFO  Log - Starting login test...
2025-04-04 18:51:24 [main] INFO  Log - Navigate to Login Page
2025-04-04 18:51:24 [main] INFO  Log - Entere credentails and click Login
2025-04-04 18:51:24 [main] INFO  Log - Verifying Page Title
2025-04-04 18:53:58 [main] INFO  Log - Starting WebDriver....
2025-04-04 18:53:59 [main] INFO  Log - Navigate To URL...
2025-04-04 18:56:40 [main] INFO  Log - Starting WebDriver....
2025-04-04 18:56:41 [main] INFO  Log - Navigate To URL...
2025-04-04 18:56:46 [main] INFO  Log - Starting login test...
2025-04-04 18:56:46 [main] INFO  Log - Navigate to Login Page
2025-04-04 18:56:46 [main] INFO  Log - Entere credentails and click Login
2025-04-04 18:56:46 [main] INFO  Log - Verifying Page Title
2025-04-04 19:02:52 [main] INFO  Log - Starting WebDriver....
2025-04-04 19:02:53 [main] INFO  Log - Navigate To URL...
2025-04-04 19:03:04 [main] INFO  Log - Starting login test...
2025-04-04 19:03:04 [main] INFO  Log - Navigate to Login Page
2025-04-04 19:03:04 [main] INFO  Log - Entere credentails and click Login
2025-04-04 19:03:04 [main] INFO  Log - Verifying Page Title
2025-04-04 19:03:22 [main] INFO  Log - Closing Browser...
2025-04-04 19:49:03 [main] INFO  Log - Starting WebDriver....
2025-04-04 19:50:38 [main] INFO  Log - Starting WebDriver....
2025-04-04 19:51:24 [main] INFO  Log - Navigate To URL...
2025-04-04 19:52:14 [main] INFO  Log - Starting login test...
2025-04-04 19:52:14 [main] INFO  Log - Navigate to Login Page
2025-04-04 19:52:14 [main] INFO  Log - Entere credentails and click Login
2025-04-04 19:52:14 [main] INFO  Log - Verifying Page Title
2025-04-04 19:53:13 [main] INFO  Log - Closing Browser...
2025-04-04 19:59:21 [main] INFO  Log - Starting WebDriver....
2025-04-04 20:01:29 [main] INFO  Log - Starting WebDriver....
2025-04-04 20:02:29 [main] INFO  Log - Starting WebDriver....
2025-04-04 20:02:43 [main] INFO  Log - Starting WebDriver....
2025-04-04 20:02:53 [main] INFO  Log - Starting WebDriver....
2025-04-04 20:05:08 [main] INFO  Log - Starting WebDriver....
2025-04-04 20:10:10 [main] INFO  Log - Navigate To URL...
2025-04-05 21:32:58 [main] INFO  Log - Starting WebDriver....
2025-04-05 21:33:41 [main] INFO  Log - Navigate To URL...
2025-04-05 21:33:46 [main] INFO  Log - Starting login test...
2025-04-05 21:33:46 [main] INFO  Log - Navigate to Login Page
2025-04-05 21:33:46 [main] INFO  Log - Entere credentails and click Login
2025-04-05 21:33:46 [main] INFO  Log - Verifying Page Title
2025-04-05 21:33:51 [main] INFO  Log - Closing Browser...
2025-04-05 21:41:41 [main] INFO  Log - Starting WebDriver....
2025-04-05 21:41:42 [main] INFO  Log - Navigate To URL...
2025-04-05 21:42:44 [main] INFO  Log - Starting login test...
2025-04-05 21:42:44 [main] INFO  Log - Navigate to Login Page
2025-04-05 21:42:44 [main] INFO  Log - Entere credentails and click Login
2025-04-05 21:43:23 [main] INFO  Log - Starting WebDriver....
2025-04-05 21:43:25 [main] INFO  Log - Navigate To URL...
2025-04-05 21:45:31 [main] INFO  Log - Starting WebDriver....
2025-04-05 21:45:32 [main] INFO  Log - Navigate To URL...
2025-04-05 21:47:44 [main] INFO  Log - Starting login test...
2025-04-05 21:47:44 [main] INFO  Log - Navigate to Login Page
2025-04-05 21:47:44 [main] INFO  Log - Entere credentails and click Login
2025-04-05 21:51:20 [main] INFO  Log - Starting WebDriver....
2025-04-05 21:51:21 [main] INFO  Log - Navigate To URL...
2025-04-05 21:52:03 [main] INFO  Log - Starting login test...
2025-04-05 21:52:03 [main] INFO  Log - Navigate to Login Page
2025-04-05 21:52:03 [main] INFO  Log - Entere credentails and click Login
2025-04-05 21:52:03 [main] INFO  Log - Verifying Page Title
2025-04-05 21:53:25 [main] INFO  Log - Starting WebDriver....
2025-04-05 21:53:26 [main] INFO  Log - Navigate To URL...
2025-04-05 21:54:57 [main] INFO  Log - Starting WebDriver....
2025-04-05 21:54:58 [main] INFO  Log - Navigate To URL...
2025-04-05 21:56:55 [main] INFO  Log - Starting login test...
2025-04-05 21:56:55 [main] INFO  Log - Navigate to Login Page
2025-04-05 21:56:55 [main] INFO  Log - Entere credentails and click Login
2025-04-05 21:56:55 [main] INFO  Log - Verifying Page Title
2025-04-05 23:32:32 [main] INFO  Log - Starting WebDriver....
2025-04-05 23:33:40 [main] INFO  Log - Starting WebDriver....
2025-04-05 23:34:13 [main] INFO  Log - Starting WebDriver....
2025-04-05 23:36:40 [main] INFO  Log - Starting WebDriver....
2025-04-05 23:37:50 [main] INFO  Log - Navigate To URL...
2025-04-05 23:37:53 [main] INFO  Log - Starting login test...
2025-04-05 23:37:53 [main] INFO  Log - Navigate to Login Page
2025-04-05 23:37:53 [main] INFO  Log - Entere credentails and click Login
2025-04-05 23:37:53 [main] INFO  Log - Verifying Page Title
2025-04-05 23:39:28 [main] INFO  Log - Starting WebDriver....
2025-04-05 23:40:09 [main] INFO  Log - Starting WebDriver....
2025-04-05 23:41:15 [main] INFO  Log - Starting WebDriver....
2025-04-05 23:42:51 [main] INFO  Log - Starting WebDriver....
2025-04-05 23:43:29 [main] INFO  Log - Starting WebDriver....
2025-04-05 23:44:49 [main] INFO  Log - Starting WebDriver....
2025-04-05 23:46:10 [main] INFO  Log - Starting WebDriver....
2025-04-05 23:47:11 [main] INFO  Log - Starting WebDriver....
2025-04-05 23:47:57 [main] INFO  Log - Starting WebDriver....
2025-04-05 23:48:34 [main] INFO  Log - Starting WebDriver....
2025-04-05 23:49:17 [main] INFO  Log - Starting WebDriver....
2025-04-05 23:49:19 [main] INFO  Log - Navigate To URL...
2025-04-05 23:49:31 [main] INFO  Log - Starting WebDriver....
2025-04-05 23:51:24 [main] INFO  Log - Starting WebDriver....
2025-04-05 23:52:35 [main] INFO  Log - Starting WebDriver....
2025-04-06 09:10:03 [main] INFO  Log - Starting WebDriver....
2025-04-06 09:11:58 [main] INFO  Log - Starting WebDriver....
2025-04-06 09:12:03 [main] INFO  Log - Navigate To URL...
2025-04-06 09:12:05 [main] INFO  Log - Starting login test...
2025-04-06 09:12:05 [main] INFO  Log - Navigate to Login Page
2025-04-06 09:12:05 [main] INFO  Log - Entere credentails and click Login
2025-04-06 09:12:05 [main] INFO  Log - Verifying Page Title
2025-04-06 09:13:02 [main] INFO  Log - Starting WebDriver....
2025-04-06 09:13:04 [main] INFO  Log - Navigate To URL...
2025-04-06 09:13:05 [main] INFO  Log - Starting login test...
2025-04-06 09:13:05 [main] INFO  Log - Navigate to Login Page
2025-04-06 09:13:05 [main] INFO  Log - Entere credentails and click Login
2025-04-06 09:13:06 [main] INFO  Log - Verifying Page Title
2025-04-06 09:13:07 [main] INFO  Log - Closing Browser...
2025-04-06 09:14:30 [main] INFO  Log - Starting WebDriver....
2025-04-06 09:14:32 [main] INFO  Log - Navigate To URL...
2025-04-06 09:14:33 [main] INFO  Log - Starting login test...
2025-04-06 09:14:33 [main] INFO  Log - Navigate to Login Page
2025-04-06 09:14:33 [main] INFO  Log - Entere credentails and click Login
2025-04-06 09:14:33 [main] INFO  Log - Verifying Page Title
2025-04-06 09:16:25 [main] INFO  Log - Starting WebDriver....
2025-04-06 09:16:27 [main] INFO  Log - Navigate To URL...
2025-04-06 09:16:29 [main] INFO  Log - Starting login test...
2025-04-06 09:16:29 [main] INFO  Log - Navigate to Login Page
2025-04-06 09:16:29 [main] INFO  Log - Entere credentails and click Login
2025-04-06 09:16:29 [main] INFO  Log - Verifying Page Title
2025-04-06 09:16:30 [main] INFO  Log - Closing Browser...
2025-04-06 09:18:53 [main] INFO  Log - Starting WebDriver....
2025-04-06 09:18:55 [main] INFO  Log - Navigate To URL...
2025-04-06 09:18:56 [main] INFO  Log - Starting login test...
2025-04-06 09:18:56 [main] INFO  Log - Navigate to Login Page
2025-04-06 09:18:56 [main] INFO  Log - Entere credentails and click Login
2025-04-06 09:18:56 [main] INFO  Log - Verifying Page Title
2025-04-06 10:02:41 [main] INFO  Log - Starting WebDriver....
2025-04-06 10:02:42 [main] INFO  Log - Navigate To URL...
2025-04-06 10:02:43 [main] INFO  Log - Starting login test...
2025-04-06 10:02:43 [main] INFO  Log - Navigate to Login Page
2025-04-06 10:02:43 [main] INFO  Log - Entere credentails and click Login
2025-04-06 10:02:43 [main] INFO  Log - Verifying Page Title
2025-04-06 10:02:45 [main] INFO  Log - Closing Browser...
2025-04-06 10:04:36 [main] INFO  Log - Starting WebDriver....
2025-04-06 10:04:37 [main] INFO  Log - Navigate To URL...
2025-04-06 10:04:38 [main] INFO  Log - Starting login test...
2025-04-06 10:04:38 [main] INFO  Log - Navigate to Login Page
2025-04-06 10:04:38 [main] INFO  Log - Entere credentails and click Login
2025-04-06 10:04:39 [main] INFO  Log - Verifying Page Title
2025-04-06 10:04:43 [main] INFO  Log - Closing Browser...
2025-04-06 10:06:42 [main] INFO  Log - Starting WebDriver....
2025-04-06 10:06:43 [main] INFO  Log - Navigate To URL...
2025-04-06 10:06:44 [main] INFO  Log - Starting login test...
2025-04-06 10:06:44 [main] INFO  Log - Navigate to Login Page
2025-04-06 10:06:44 [main] INFO  Log - Entere credentails and click Login
2025-04-06 10:06:44 [main] INFO  Log - Verifying Page Title
2025-04-06 10:06:46 [main] INFO  Log - Closing Browser...
2025-04-06 10:29:37 [main] INFO  Log - Starting WebDriver....
2025-04-06 10:29:39 [main] INFO  Log - Navigate To URL...
2025-04-06 10:29:40 [main] INFO  Log - Starting login test...
2025-04-06 10:29:40 [main] INFO  Log - Navigate to Login Page
2025-04-06 10:29:40 [main] INFO  Log - Entere credentails and click Login
2025-04-06 10:29:41 [main] INFO  Log - Verifying Page Title
2025-04-06 10:29:42 [main] INFO  Log - Closing Browser...
2025-04-06 10:31:56 [main] INFO  Log - Starting WebDriver....
2025-04-06 10:31:57 [main] INFO  Log - Navigate To URL...
2025-04-06 10:31:59 [main] INFO  Log - Starting login test...
2025-04-06 10:31:59 [main] INFO  Log - Navigate to Login Page
2025-04-06 10:31:59 [main] INFO  Log - Entere credentails and click Login
2025-04-06 10:31:59 [main] INFO  Log - Verifying Page Title
2025-04-06 10:32:01 [main] INFO  Log - Closing Browser...
2025-04-06 10:32:02 [main] INFO  Log - Starting WebDriver....
2025-04-06 10:32:02 [main] INFO  Log - Navigate To URL...
2025-04-06 10:34:19 [main] INFO  Log - Starting WebDriver....
2025-04-06 10:34:21 [main] INFO  Log - Navigate To URL...
2025-04-06 10:34:22 [main] INFO  Log - Starting login test...
2025-04-06 10:34:22 [main] INFO  Log - Navigate to Login Page
2025-04-06 10:34:22 [main] INFO  Log - Entere credentails and click Login
2025-04-06 10:34:22 [main] INFO  Log - Verifying Page Title
2025-04-06 10:34:24 [main] INFO  Log - Closing Browser...
2025-04-06 10:34:24 [main] INFO  Log - Starting WebDriver....
2025-04-06 10:34:24 [main] INFO  Log - Navigate To URL...
2025-04-06 10:34:33 [main] INFO  Log - Starting WebDriver....
2025-04-06 10:34:34 [main] INFO  Log - Navigate To URL...
2025-04-06 10:34:35 [main] INFO  Log - Starting login test...
2025-04-06 10:34:35 [main] INFO  Log - Navigate to Login Page
2025-04-06 10:34:35 [main] INFO  Log - Entere credentails and click Login
2025-04-06 10:34:35 [main] INFO  Log - Verifying Page Title
2025-04-06 10:34:38 [main] INFO  Log - Closing Browser...
2025-04-06 10:34:38 [main] INFO  Log - Starting WebDriver....
2025-04-06 10:34:38 [main] INFO  Log - Navigate To URL...
2025-04-06 10:34:58 [main] INFO  Log - Starting WebDriver....
2025-04-06 10:34:59 [main] INFO  Log - Navigate To URL...
2025-04-06 10:35:01 [main] INFO  Log - Starting login  valid test...
2025-04-06 10:35:01 [main] INFO  Log - Navigate to Login Page
2025-04-06 10:35:01 [main] INFO  Log - Entere credentails and click Login
2025-04-06 10:35:01 [main] INFO  Log - Verifying Page Title
2025-04-06 10:35:28 [main] INFO  Log - Closing Browser...
2025-04-06 10:38:35 [main] INFO  Log - Starting WebDriver....
2025-04-06 10:38:36 [main] INFO  Log - Navigate To URL...
2025-04-06 10:38:38 [main] INFO  Log - Starting login  valid test...
2025-04-06 10:38:38 [main] INFO  Log - Navigate to Login Page
2025-04-06 10:38:38 [main] INFO  Log - Entere credentails and click Login
2025-04-06 10:38:38 [main] INFO  Log - Verifying Page Title
2025-04-06 10:38:38 [main] INFO  Log - Login Test Completed
2025-04-06 10:38:38 [main] INFO  Log - Closing Browser...
2025-04-06 10:39:20 [main] INFO  Log - Starting WebDriver....
2025-04-06 10:39:22 [main] INFO  Log - Navigate To URL...
2025-04-06 10:39:23 [main] INFO  Log - Starting login  valid test...
2025-04-06 10:39:23 [main] INFO  Log - Navigate to Login Page
2025-04-06 10:39:23 [main] INFO  Log - Entere credentails and click Login
2025-04-06 10:39:23 [main] INFO  Log - Verifying Page Title
2025-04-06 10:39:51 [main] INFO  Log - Closing Browser...
2025-04-06 10:40:15 [main] INFO  Log - Starting WebDriver....
2025-04-06 10:40:17 [main] INFO  Log - Navigate To URL...
2025-04-06 10:40:18 [main] INFO  Log - Starting login  valid test...
2025-04-06 10:40:18 [main] INFO  Log - Navigate to Login Page
2025-04-06 10:40:18 [main] INFO  Log - Entere credentails and click Login
2025-04-06 10:40:18 [main] INFO  Log - Verifying Page Title
2025-04-06 10:40:24 [main] INFO  Log - Closing Browser...
2025-04-06 10:41:28 [main] INFO  Log - Starting WebDriver....
2025-04-06 10:41:29 [main] INFO  Log - Navigate To URL...
2025-04-06 10:41:32 [main] INFO  Log - Starting login  valid test...
2025-04-06 10:41:32 [main] INFO  Log - Navigate to Login Page
2025-04-06 10:41:32 [main] INFO  Log - Entere credentails and click Login
2025-04-06 10:41:32 [main] INFO  Log - Verifying Page Title
2025-04-06 10:41:38 [main] INFO  Log - Login Test Completed
2025-04-06 10:41:38 [main] INFO  Log - Closing Browser...
2025-04-06 10:41:56 [main] INFO  Log - Starting WebDriver....
2025-04-06 10:41:57 [main] INFO  Log - Navigate To URL...
2025-04-06 10:41:58 [main] INFO  Log - Starting login  valid test...
2025-04-06 10:41:58 [main] INFO  Log - Navigate to Login Page
2025-04-06 10:41:58 [main] INFO  Log - Entere credentails and click Login
2025-04-06 10:41:58 [main] INFO  Log - Verifying Page Title
2025-04-06 10:42:04 [main] INFO  Log - Closing Browser...
2025-04-06 10:42:57 [main] INFO  Log - Starting WebDriver....
2025-04-06 10:42:58 [main] INFO  Log - Navigate To URL...
2025-04-06 10:43:00 [main] INFO  Log - Starting login  valid test...
2025-04-06 10:43:00 [main] INFO  Log - Navigate to Login Page
2025-04-06 10:43:00 [main] INFO  Log - Entere credentails and click Login
2025-04-06 10:43:00 [main] INFO  Log - Verifying Page Title
2025-04-06 10:43:00 [main] INFO  Log - Login Test Completed
2025-04-06 10:43:00 [main] INFO  Log - Closing Browser...
2025-04-06 10:43:00 [main] INFO  Log - Starting WebDriver....
2025-04-06 10:43:00 [main] INFO  Log - Navigate To URL...
2025-04-06 10:43:45 [main] INFO  Log - Starting WebDriver....
2025-04-06 10:43:46 [main] INFO  Log - Navigate To URL...
2025-04-06 10:43:48 [main] INFO  Log - Starting login  valid test...
2025-04-06 10:43:48 [main] INFO  Log - Navigate to Login Page
2025-04-06 10:43:48 [main] INFO  Log - Entere credentails and click Login
2025-04-06 10:43:48 [main] INFO  Log - Verifying Page Title
2025-04-06 10:43:48 [main] INFO  Log - Login Test Completed
2025-04-06 10:43:48 [main] INFO  Log - Closing Browser...
2025-04-06 10:43:48 [main] INFO  Log - Starting WebDriver....
2025-04-06 10:43:48 [main] INFO  Log - Navigate To URL...
2025-04-06 10:45:06 [main] INFO  Log - Starting WebDriver....
2025-04-06 10:45:07 [main] INFO  Log - Navigate To URL...
2025-04-06 10:45:08 [main] INFO  Log - Starting login  valid test...
2025-04-06 10:45:08 [main] INFO  Log - Navigate to Login Page
2025-04-06 10:45:08 [main] INFO  Log - Entere credentails and click Login
2025-04-06 10:45:08 [main] INFO  Log - Verifying Page Title
2025-04-06 10:45:08 [main] INFO  Log - Login Test Completed
2025-04-06 10:45:08 [main] INFO  Log - Closing Browser...
2025-04-06 10:45:08 [main] INFO  Log - Starting WebDriver....
2025-04-06 10:45:08 [main] INFO  Log - Navigate To URL...
2025-04-06 10:46:55 [main] INFO  Log - Starting WebDriver....
2025-04-06 10:46:56 [main] INFO  Log - Navigate To URL...
2025-04-06 10:46:59 [main] INFO  Log - Starting login  valid test...
2025-04-06 10:46:59 [main] INFO  Log - Navigate to Login Page
2025-04-06 10:46:59 [main] INFO  Log - Entere credentails and click Login
2025-04-06 10:46:59 [main] INFO  Log - Verifying Page Title
2025-04-06 10:46:59 [main] INFO  Log - Login Test Completed
2025-04-06 10:46:59 [main] INFO  Log - Starting login test...
2025-04-06 10:46:59 [main] INFO  Log - Navigate to Login Page
2025-04-06 10:46:59 [main] INFO  Log - Entere credentails and click Login
2025-04-06 10:47:06 [main] INFO  Log - Verifying Page Title
2025-04-06 10:48:28 [main] INFO  Log - Starting WebDriver....
2025-04-06 10:48:29 [main] INFO  Log - Navigate To URL...
2025-04-06 10:48:31 [main] INFO  Log - Starting login  valid test...
2025-04-06 10:48:31 [main] INFO  Log - Navigate to Login Page
2025-04-06 10:48:31 [main] INFO  Log - Entere credentails and click Login
2025-04-06 10:48:31 [main] INFO  Log - Verifying Page Title
2025-04-06 10:48:31 [main] INFO  Log - Login Test Completed
2025-04-06 10:48:31 [main] INFO  Log - Closing Browser...
2025-04-06 10:48:31 [main] INFO  Log - Starting login test...
2025-04-06 10:48:31 [main] INFO  Log - Navigate to Login Page
2025-04-06 10:48:31 [main] INFO  Log - Entere credentails and click Login
2025-04-06 10:49:37 [main] INFO  Log - Starting WebDriver....
2025-04-06 10:49:38 [main] INFO  Log - Navigate To URL...
2025-04-06 10:49:40 [main] INFO  Log - Starting login  valid test...
2025-04-06 10:49:40 [main] INFO  Log - Navigate to Login Page
2025-04-06 10:49:40 [main] INFO  Log - Entere credentails and click Login
2025-04-06 10:49:40 [main] INFO  Log - Verifying Page Title
2025-04-06 10:49:40 [main] INFO  Log - Login Test Completed
2025-04-06 10:49:40 [main] INFO  Log - Closing Browser...
2025-04-06 10:49:40 [main] INFO  Log - Starting login test...
2025-04-06 10:49:40 [main] INFO  Log - Navigate to Login Page
2025-04-06 10:49:40 [main] INFO  Log - Entere credentails and click Login
2025-04-06 10:51:14 [main] INFO  Log - Starting WebDriver....
2025-04-06 10:51:15 [main] INFO  Log - Navigate To URL...
2025-04-06 10:51:17 [main] INFO  Log - Starting login  valid test...
2025-04-06 10:51:17 [main] INFO  Log - Navigate to Login Page
2025-04-06 10:51:17 [main] INFO  Log - Entere credentails and click Login
2025-04-06 10:51:17 [main] INFO  Log - Verifying Page Title
2025-04-06 10:51:17 [main] INFO  Log - Login Test Completed
2025-04-06 10:51:17 [main] INFO  Log - Starting login test...
2025-04-06 10:51:17 [main] INFO  Log - Navigate to Login Page
2025-04-06 10:51:17 [main] INFO  Log - Entere credentails and click Login
2025-04-06 10:52:33 [main] INFO  Log - Starting WebDriver....
2025-04-06 10:52:35 [main] INFO  Log - Navigate To URL...
2025-04-06 10:52:36 [main] INFO  Log - Starting login  valid test...
2025-04-06 10:52:36 [main] INFO  Log - Navigate to Login Page
2025-04-06 10:52:36 [main] INFO  Log - Entere credentails and click Login
2025-04-06 10:52:36 [main] INFO  Log - Verifying Page Title
2025-04-06 10:52:36 [main] INFO  Log - Login Test Completed
2025-04-06 10:52:36 [main] INFO  Log - Starting login test...
2025-04-06 10:52:36 [main] INFO  Log - Navigate to Login Page
2025-04-06 10:52:36 [main] INFO  Log - Entere credentails and click Login
2025-04-06 10:52:40 [main] INFO  Log - Verifying Page Title
2025-04-06 10:54:03 [main] INFO  Log - Starting WebDriver....
2025-04-06 10:54:05 [main] INFO  Log - Navigate To URL...
2025-04-06 10:54:07 [main] INFO  Log - Starting login  valid test...
2025-04-06 10:54:07 [main] INFO  Log - Navigate to Login Page
2025-04-06 10:54:07 [main] INFO  Log - Entere credentails and click Login
2025-04-06 10:54:07 [main] INFO  Log - Verifying Page Title
2025-04-06 10:54:07 [main] INFO  Log - Login Test Completed
2025-04-06 10:54:07 [main] INFO  Log - Starting login test...
2025-04-06 10:54:07 [main] INFO  Log - Navigate to Login Page
2025-04-06 10:54:07 [main] INFO  Log - Entere credentails and click Login
2025-04-06 10:55:40 [main] INFO  Log - Starting WebDriver....
2025-04-06 10:55:42 [main] INFO  Log - Navigate To URL...
2025-04-06 10:55:44 [main] INFO  Log - Starting login  valid test...
2025-04-06 10:55:44 [main] INFO  Log - Navigate to Login Page
2025-04-06 10:55:44 [main] INFO  Log - Entere credentails and click Login
2025-04-06 10:55:44 [main] INFO  Log - Verifying Page Title
2025-04-06 10:55:44 [main] INFO  Log - Login Test Completed
2025-04-06 10:55:44 [main] INFO  Log - Closing Browser...
2025-04-06 10:55:44 [main] INFO  Log - Starting WebDriver....
2025-04-06 10:55:44 [main] INFO  Log - Navigate To URL...
2025-04-06 10:56:14 [main] INFO  Log - Starting WebDriver....
2025-04-06 10:56:15 [main] INFO  Log - Navigate To URL...
2025-04-06 10:56:16 [main] INFO  Log - Starting login  valid test...
2025-04-06 10:56:16 [main] INFO  Log - Navigate to Login Page
2025-04-06 10:56:16 [main] INFO  Log - Entere credentails and click Login
2025-04-06 10:56:17 [main] INFO  Log - Verifying Page Title
2025-04-06 10:56:17 [main] INFO  Log - Login Test Completed
2025-04-06 10:56:17 [main] INFO  Log - Closing Browser...
2025-04-06 10:56:17 [main] INFO  Log - Starting WebDriver....
2025-04-06 10:56:17 [main] INFO  Log - Navigate To URL...
2025-04-06 10:59:56 [main] INFO  Log - Starting WebDriver....
2025-04-06 10:59:57 [main] INFO  Log - Navigate To URL...
2025-04-06 10:59:58 [main] INFO  Log - Starting login  valid test...
2025-04-06 10:59:58 [main] INFO  Log - Navigate to Login Page
2025-04-06 10:59:58 [main] INFO  Log - Entere credentails and click Login
2025-04-06 10:59:58 [main] INFO  Log - Verifying Page Title
2025-04-06 10:59:58 [main] INFO  Log - Login Test Completed
2025-04-06 10:59:58 [main] INFO  Log - Closing Browser...
2025-04-06 10:59:58 [main] INFO  Log - Starting WebDriver....
2025-04-06 10:59:58 [main] INFO  Log - Navigate To URL...
2025-04-06 11:00:22 [main] INFO  Log - Starting WebDriver....
2025-04-06 11:00:23 [main] INFO  Log - Navigate To URL...
2025-04-06 11:00:25 [main] INFO  Log - Starting login  valid test...
2025-04-06 11:00:25 [main] INFO  Log - Navigate to Login Page
2025-04-06 11:00:25 [main] INFO  Log - Entere credentails and click Login
2025-04-06 11:00:25 [main] INFO  Log - Verifying Page Title
2025-04-06 11:00:25 [main] INFO  Log - Login Test Completed
2025-04-06 11:00:25 [main] INFO  Log - Closing Browser...
2025-04-06 11:00:25 [main] INFO  Log - Starting WebDriver....
2025-04-06 11:00:25 [main] INFO  Log - Navigate To URL...
2025-04-06 11:00:59 [main] INFO  Log - Starting WebDriver....
2025-04-06 11:01:00 [main] INFO  Log - Navigate To URL...
2025-04-06 11:01:02 [main] INFO  Log - Starting login  valid test...
2025-04-06 11:01:02 [main] INFO  Log - Navigate to Login Page
2025-04-06 11:01:02 [main] INFO  Log - Entere credentails and click Login
2025-04-06 11:01:02 [main] INFO  Log - Verifying Page Title
2025-04-06 11:01:02 [main] INFO  Log - Login Test Completed
2025-04-06 11:01:02 [main] INFO  Log - Starting login test...
2025-04-06 11:01:02 [main] INFO  Log - Navigate to Login Page
2025-04-06 11:01:02 [main] INFO  Log - Entere credentails and click Login
2025-04-06 11:01:07 [main] INFO  Log - Verifying Page Title
2025-04-06 11:01:24 [main] INFO  Log - Starting WebDriver....
2025-04-06 11:01:25 [main] INFO  Log - Navigate To URL...
2025-04-06 11:01:26 [main] INFO  Log - Starting login  valid test...
2025-04-06 11:01:26 [main] INFO  Log - Navigate to Login Page
2025-04-06 11:01:26 [main] INFO  Log - Entere credentails and click Login
2025-04-06 11:01:26 [main] INFO  Log - Verifying Page Title
2025-04-06 11:01:26 [main] INFO  Log - Login Test Completed
2025-04-06 11:01:26 [main] INFO  Log - Starting login test...
2025-04-06 11:01:26 [main] INFO  Log - Navigate to Login Page
2025-04-06 11:01:26 [main] INFO  Log - Entere credentails and click Login
2025-04-06 11:01:33 [main] INFO  Log - Verifying Page Title
2025-04-06 11:06:04 [main] INFO  Log - Starting WebDriver....
2025-04-06 11:06:05 [main] INFO  Log - Navigate To URL...
2025-04-06 11:06:06 [main] INFO  Log - Starting login  valid test...
2025-04-06 11:06:06 [main] INFO  Log - Navigate to Login Page
2025-04-06 11:06:07 [main] INFO  Log - Entere credentails and click Login
2025-04-06 11:06:07 [main] INFO  Log - Verifying Page Title
2025-04-06 11:06:07 [main] INFO  Log - Login Test Completed
2025-04-06 11:07:56 [main] INFO  Log - Starting WebDriver....
2025-04-06 11:07:57 [main] INFO  Log - Navigate To URL...
2025-04-06 11:07:59 [main] INFO  Log - Starting login  valid test...
2025-04-06 11:07:59 [main] INFO  Log - Navigate to Login Page
2025-04-06 11:07:59 [main] INFO  Log - Entere credentails and click Login
2025-04-06 11:07:59 [main] INFO  Log - Verifying Page Title
2025-04-06 11:07:59 [main] INFO  Log - Login Test Completed
2025-04-06 11:08:22 [main] INFO  Log - Starting WebDriver....
2025-04-06 11:08:23 [main] INFO  Log - Navigate To URL...
2025-04-06 11:08:25 [main] INFO  Log - Starting login  valid test...
2025-04-06 11:08:25 [main] INFO  Log - Navigate to Login Page
2025-04-06 11:08:25 [main] INFO  Log - Entere credentails and click Login
2025-04-06 11:08:25 [main] INFO  Log - Verifying Page Title
2025-04-06 11:08:25 [main] INFO  Log - Login Test Completed
2025-04-06 11:08:59 [main] INFO  Log - Starting WebDriver....
2025-04-06 11:09:01 [main] INFO  Log - Navigate To URL...
2025-04-06 11:09:02 [main] INFO  Log - Starting login  valid test...
2025-04-06 11:09:02 [main] INFO  Log - Navigate to Login Page
2025-04-06 11:09:02 [main] INFO  Log - Entere credentails and click Login
2025-04-06 11:09:02 [main] INFO  Log - Verifying Page Title
2025-04-06 11:09:02 [main] INFO  Log - Login Test Completed
2025-04-06 11:09:28 [main] INFO  Log - Starting WebDriver....
2025-04-06 11:09:30 [main] INFO  Log - Navigate To URL...
2025-04-06 11:09:31 [main] INFO  Log - Starting login  valid test...
2025-04-06 11:09:31 [main] INFO  Log - Navigate to Login Page
2025-04-06 11:09:31 [main] INFO  Log - Entere credentails and click Login
2025-04-06 11:09:31 [main] INFO  Log - Verifying Page Title
2025-04-06 11:09:31 [main] INFO  Log - Login Test Completed
2025-04-06 11:10:43 [main] INFO  Log - Starting WebDriver....
2025-04-06 11:10:44 [main] INFO  Log - Navigate To URL...
2025-04-06 11:10:46 [main] INFO  Log - Starting login  valid test...
2025-04-06 11:10:46 [main] INFO  Log - Navigate to Login Page
2025-04-06 11:10:46 [main] INFO  Log - Entere credentails and click Login
2025-04-06 11:10:46 [main] INFO  Log - Verifying Page Title
2025-04-06 11:10:46 [main] INFO  Log - Login Test Completed
2025-04-06 11:10:46 [main] INFO  Log - Closing Browser...
2025-04-06 11:12:04 [main] INFO  Log - Starting WebDriver....
2025-04-06 11:12:05 [main] INFO  Log - Navigate To URL...
2025-04-06 11:12:06 [main] INFO  Log - Starting login  valid test...
2025-04-06 11:12:06 [main] INFO  Log - Navigate to Login Page
2025-04-06 11:12:06 [main] INFO  Log - Entere credentails and click Login
2025-04-06 11:12:06 [main] INFO  Log - Verifying Page Title
2025-04-06 11:12:06 [main] INFO  Log - Login Test Completed
2025-04-06 11:12:06 [main] INFO  Log - Closing Browser...
2025-04-06 11:15:33 [main] INFO  Log - Starting WebDriver....
2025-04-06 11:15:34 [main] INFO  Log - Navigate To URL...
2025-04-06 11:15:35 [main] INFO  Log - Starting login  valid test...
2025-04-06 11:15:35 [main] INFO  Log - Navigate to Login Page
2025-04-06 11:15:35 [main] INFO  Log - Entere credentails and click Login
2025-04-06 11:15:35 [main] INFO  Log - Verifying Page Title
2025-04-06 11:15:35 [main] INFO  Log - Login Test Completed
2025-04-06 11:15:35 [main] INFO  Log - Closing Browser...
2025-04-06 11:15:35 [main] INFO  Log - Starting WebDriver....
2025-04-06 11:15:35 [main] INFO  Log - Navigate To URL...
2025-04-06 11:15:49 [main] INFO  Log - Starting WebDriver....
2025-04-06 11:15:50 [main] INFO  Log - Navigate To URL...
2025-04-06 11:15:51 [main] INFO  Log - Starting login  valid test...
2025-04-06 11:15:51 [main] INFO  Log - Navigate to Login Page
2025-04-06 11:15:51 [main] INFO  Log - Entere credentails and click Login
2025-04-06 11:15:51 [main] INFO  Log - Verifying Page Title
2025-04-06 11:15:51 [main] INFO  Log - Login Test Completed
2025-04-06 11:15:51 [main] INFO  Log - Closing Browser...
2025-04-06 11:15:51 [main] INFO  Log - Starting WebDriver....
2025-04-06 11:15:51 [main] INFO  Log - Navigate To URL...
2025-04-06 11:16:31 [main] INFO  Log - Starting WebDriver....
2025-04-06 11:16:32 [main] INFO  Log - Navigate To URL...
2025-04-06 11:16:34 [main] INFO  Log - Starting login  valid test...
2025-04-06 11:16:34 [main] INFO  Log - Navigate to Login Page
2025-04-06 11:16:34 [main] INFO  Log - Entere credentails and click Login
2025-04-06 11:16:34 [main] INFO  Log - Verifying Page Title
2025-04-06 11:16:34 [main] INFO  Log - Login Test Completed
2025-04-06 11:16:34 [main] INFO  Log - Closing Browser...
2025-04-06 11:16:34 [main] INFO  Log - Starting WebDriver....
2025-04-06 11:16:34 [main] INFO  Log - Navigate To URL...
2025-04-06 11:18:07 [main] INFO  Log - Starting WebDriver....
2025-04-06 11:18:08 [main] INFO  Log - Navigate To URL...
2025-04-06 11:18:11 [main] INFO  Log - Starting login  valid test...
2025-04-06 11:18:11 [main] INFO  Log - Navigate to Login Page
2025-04-06 11:18:11 [main] INFO  Log - Entere credentails and click Login
2025-04-06 11:18:11 [main] INFO  Log - Verifying Page Title
2025-04-06 11:18:11 [main] INFO  Log - Login Test Completed
2025-04-06 11:18:11 [main] INFO  Log - Closing Browser...
2025-04-06 11:18:11 [main] INFO  Log - Starting WebDriver....
2025-04-06 11:18:11 [main] INFO  Log - Navigate To URL...
2025-04-06 11:18:50 [main] INFO  Log - Starting WebDriver....
2025-04-06 11:18:51 [main] INFO  Log - Navigate To URL...
2025-04-06 11:18:52 [main] INFO  Log - Starting login  valid test...
2025-04-06 11:18:52 [main] INFO  Log - Navigate to Login Page
2025-04-06 11:18:52 [main] INFO  Log - Entere credentails and click Login
2025-04-06 11:18:52 [main] INFO  Log - Verifying Page Title
2025-04-06 11:18:52 [main] INFO  Log - Login Test Completed
2025-04-06 11:18:52 [main] INFO  Log - Closing Browser...
2025-04-06 11:18:52 [main] INFO  Log - Starting WebDriver....
2025-04-06 11:18:52 [main] INFO  Log - Navigate To URL...
2025-04-06 11:20:50 [main] INFO  Log - Starting WebDriver....
2025-04-06 11:20:51 [main] INFO  Log - Navigate To URL...
2025-04-06 11:20:54 [main] INFO  Log - Starting login  valid test...
2025-04-06 11:20:54 [main] INFO  Log - Navigate to Login Page
2025-04-06 11:20:54 [main] INFO  Log - Entere credentails and click Login
2025-04-06 11:20:54 [main] INFO  Log - Verifying Page Title
2025-04-06 11:20:54 [main] INFO  Log - Login Test Completed
2025-04-06 11:20:54 [main] INFO  Log - Closing Browser...
2025-04-06 11:20:54 [main] INFO  Log - Starting WebDriver....
2025-04-06 11:20:54 [main] INFO  Log - Navigate To URL...
2025-04-06 11:21:47 [main] INFO  Log - Starting WebDriver....
2025-04-06 11:21:48 [main] INFO  Log - Navigate To URL...
2025-04-06 11:21:49 [main] INFO  Log - Starting login  valid test...
2025-04-06 11:21:49 [main] INFO  Log - Navigate to Login Page
2025-04-06 11:21:49 [main] INFO  Log - Entere credentails and click Login
2025-04-06 11:21:49 [main] INFO  Log - Verifying Page Title
2025-04-06 11:21:49 [main] INFO  Log - Login Test Completed
2025-04-06 11:21:49 [main] INFO  Log - Closing Browser...
2025-04-06 11:21:50 [main] INFO  Log - Starting WebDriver....
2025-04-06 11:21:50 [main] INFO  Log - Navigate To URL...
2025-04-06 11:24:16 [main] INFO  Log - Starting WebDriver....
2025-04-06 11:24:17 [main] INFO  Log - Navigate To URL...
2025-04-06 11:24:18 [main] INFO  Log - Starting login  valid test...
2025-04-06 11:24:18 [main] INFO  Log - Navigate to Login Page
2025-04-06 11:24:18 [main] INFO  Log - Entere credentails and click Login
2025-04-06 11:24:18 [main] INFO  Log - Verifying Page Title
2025-04-06 11:24:18 [main] INFO  Log - Login Test Completed
2025-04-06 11:24:18 [main] INFO  Log - Closing Browser...
2025-04-06 11:24:19 [main] INFO  Log - Starting WebDriver....
2025-04-06 11:24:19 [main] INFO  Log - Navigate To URL...
2025-04-06 11:24:50 [main] INFO  Log - Starting WebDriver....
2025-04-06 11:24:51 [main] INFO  Log - Navigate To URL...
2025-04-06 11:24:52 [main] INFO  Log - Starting login  valid test...
2025-04-06 11:24:52 [main] INFO  Log - Navigate to Login Page
2025-04-06 11:24:52 [main] INFO  Log - Entere credentails and click Login
2025-04-06 11:24:52 [main] INFO  Log - Verifying Page Title
2025-04-06 11:24:52 [main] INFO  Log - Login Test Completed
2025-04-06 11:24:52 [main] INFO  Log - Closing Browser...
2025-04-06 11:24:52 [main] INFO  Log - Starting WebDriver....
2025-04-06 11:24:52 [main] INFO  Log - Navigate To URL...
2025-04-06 11:25:53 [main] INFO  Log - Starting WebDriver....
2025-04-06 11:25:54 [main] INFO  Log - Navigate To URL...
2025-04-06 11:25:56 [main] INFO  Log - Starting login  valid test...
2025-04-06 11:25:56 [main] INFO  Log - Navigate to Login Page
2025-04-06 11:25:56 [main] INFO  Log - Entere credentails and click Login
2025-04-06 11:25:56 [main] INFO  Log - Verifying Page Title
2025-04-06 11:25:56 [main] INFO  Log - Login Test Completed
2025-04-06 11:25:56 [main] INFO  Log - Closing Browser...
2025-04-06 11:25:56 [main] INFO  Log - Starting WebDriver....
2025-04-06 11:25:56 [main] INFO  Log - Navigate To URL...
2025-04-06 11:26:28 [main] INFO  Log - Starting WebDriver....
2025-04-06 11:26:29 [main] INFO  Log - Navigate To URL...
2025-04-06 11:26:30 [main] INFO  Log - Starting login  valid test...
2025-04-06 11:26:30 [main] INFO  Log - Navigate to Login Page
2025-04-06 11:26:30 [main] INFO  Log - Entere credentails and click Login
2025-04-06 11:26:30 [main] INFO  Log - Verifying Page Title
2025-04-06 11:26:30 [main] INFO  Log - Login Test Completed
2025-04-06 11:26:30 [main] INFO  Log - Closing Browser...
2025-04-06 11:26:30 [main] INFO  Log - Starting WebDriver....
2025-04-06 11:26:30 [main] INFO  Log - Navigate To URL...
2025-04-06 11:27:22 [main] INFO  Log - Starting WebDriver....
2025-04-06 11:27:23 [main] INFO  Log - Navigate To URL...
2025-04-06 11:27:25 [main] INFO  Log - Starting login  valid test...
2025-04-06 11:27:25 [main] INFO  Log - Navigate to Login Page
2025-04-06 11:27:25 [main] INFO  Log - Entere credentails and click Login
2025-04-06 11:27:25 [main] INFO  Log - Verifying Page Title
2025-04-06 11:27:25 [main] INFO  Log - Login Test Completed
2025-04-06 11:27:25 [main] INFO  Log - Closing Browser...
2025-04-06 11:27:25 [main] INFO  Log - Starting WebDriver....
2025-04-06 11:27:25 [main] INFO  Log - Navigate To URL...
2025-04-06 11:31:00 [main] INFO  Log - Starting WebDriver....
2025-04-06 11:31:01 [main] INFO  Log - Navigate To URL...
2025-04-06 11:31:03 [main] INFO  Log - Starting login  valid test...
2025-04-06 11:31:03 [main] INFO  Log - Navigate to Login Page
2025-04-06 11:31:03 [main] INFO  Log - Entere credentails and click Login
2025-04-06 11:31:03 [main] INFO  Log - Verifying Page Title
2025-04-06 11:31:03 [main] INFO  Log - Login Test Completed
2025-04-06 11:31:03 [main] INFO  Log - Closing Browser...
2025-04-06 11:31:03 [main] INFO  Log - Starting WebDriver....
2025-04-06 11:31:03 [main] INFO  Log - Navigate To URL...
2025-04-06 11:35:46 [main] INFO  Log - Starting WebDriver....
2025-04-06 11:35:47 [main] INFO  Log - Navigate To URL...
2025-04-06 11:35:49 [main] INFO  Log - Starting login  valid test...
2025-04-06 11:35:49 [main] INFO  Log - Navigate to Login Page
2025-04-06 11:35:49 [main] INFO  Log - Entere credentails and click Login
2025-04-06 11:35:49 [main] INFO  Log - Verifying Page Title
2025-04-06 11:35:55 [main] INFO  Log - Closing Browser...
2025-04-06 11:35:55 [main] INFO  Log - Starting WebDriver....
2025-04-06 11:35:55 [main] INFO  Log - Navigate To URL...
2025-04-06 12:09:42 [main] INFO  Log - Starting WebDriver....
2025-04-06 12:09:43 [main] INFO  Log - Navigate To URL...
2025-04-06 12:09:45 [main] INFO  Log - Starting login  valid test...
2025-04-06 12:09:45 [main] INFO  Log - Navigate to Login Page
2025-04-06 12:09:45 [main] INFO  Log - Entere credentails and click Login
2025-04-06 12:09:45 [main] INFO  Log - Verifying Page Title
2025-04-06 12:09:50 [main] INFO  Log - Closing Browser...
2025-04-06 12:12:34 [main] INFO  Log - Starting WebDriver....
2025-04-06 12:12:35 [main] INFO  Log - Navigate To URL...
2025-04-06 12:12:38 [main] INFO  Log - Starting login  valid test...
2025-04-06 12:12:38 [main] INFO  Log - Navigate to Login Page
2025-04-06 12:12:38 [main] INFO  Log - Entere credentails and click Login
2025-04-06 12:12:38 [main] INFO  Log - Verifying Page Title
2025-04-06 12:12:42 [main] INFO  Log - Closing Browser...
2025-04-06 16:03:40 [main] INFO  Log - Starting WebDriver....
2025-04-06 16:04:12 [main] INFO  Log - Starting WebDriver....
2025-04-06 16:04:47 [main] INFO  Log - Starting WebDriver....
2025-04-06 16:04:49 [main] INFO  Log - Navigate To URL...
2025-04-06 16:05:00 [main] INFO  Log - Starting WebDriver....
2025-04-06 16:05:01 [main] INFO  Log - Navigate To URL...
2025-04-06 16:05:02 [main] INFO  Log - Maximize Browser window
2025-04-06 16:05:02 [main] INFO  Log - Create page class
2025-04-06 16:05:02 [main] INFO  Log - Starting login  valid test...
2025-04-06 16:05:02 [main] INFO  Log - Closing Browser...
2025-04-06 16:05:02 [main] INFO  Log - Starting WebDriver....
2025-04-06 16:05:02 [main] INFO  Log - Navigate To URL...
2025-04-06 16:06:36 [main] INFO  Log - Starting WebDriver....
2025-04-06 16:06:37 [main] INFO  Log - Navigate To URL...
2025-04-06 16:06:37 [main] INFO  Log - Maximize Browser window
2025-04-06 16:06:37 [main] INFO  Log - Create page class
2025-04-06 16:06:37 [main] INFO  Log - Starting login  valid test...
2025-04-06 16:06:38 [main] INFO  Log - Closing Browser...
2025-04-06 16:06:38 [main] INFO  Log - Starting WebDriver....
2025-04-06 16:06:38 [main] INFO  Log - Navigate To URL...
2025-04-06 16:07:53 [main] INFO  Log - Starting WebDriver....
2025-04-06 16:07:54 [main] INFO  Log - Navigate To URL...
2025-04-06 16:07:55 [main] INFO  Log - Maximize Browser window
2025-04-06 16:07:55 [main] INFO  Log - Create page class
2025-04-06 16:07:55 [main] INFO  Log - Starting login  valid test...
2025-04-06 16:10:13 [main] INFO  Log - Starting WebDriver....
2025-04-06 16:10:14 [main] INFO  Log - Navigate To URL...
2025-04-06 16:10:15 [main] INFO  Log - Maximize Browser window
2025-04-06 16:10:15 [main] INFO  Log - Create page class
2025-04-06 16:10:15 [main] INFO  Log - Starting login  valid test...
2025-04-06 16:10:32 [main] INFO  Log - Starting WebDriver....
2025-04-06 16:10:33 [main] INFO  Log - Navigate To URL...
2025-04-06 16:10:34 [main] INFO  Log - Maximize Browser window
2025-04-06 16:10:34 [main] INFO  Log - Create page class
2025-04-06 16:10:34 [main] INFO  Log - Starting login  valid test...
2025-04-06 16:11:06 [main] INFO  Log - Starting WebDriver....
2025-04-06 16:11:07 [main] INFO  Log - Navigate To URL...
2025-04-06 16:11:08 [main] INFO  Log - Maximize Browser window
2025-04-06 16:11:08 [main] INFO  Log - Create page class
2025-04-06 16:11:08 [main] INFO  Log - Starting login  valid test...
2025-04-06 16:14:09 [main] INFO  Log - Starting WebDriver....
2025-04-06 16:14:10 [main] INFO  Log - Navigate To URL...
2025-04-06 16:14:11 [main] INFO  Log - Maximize Browser window
2025-04-06 16:14:11 [main] INFO  Log - Create page class
2025-04-06 16:14:11 [main] INFO  Log - Starting login  valid test...
2025-04-06 16:14:21 [main] INFO  Log - Starting WebDriver....
2025-04-06 16:14:22 [main] INFO  Log - Navigate To URL...
2025-04-06 16:14:22 [main] INFO  Log - Maximize Browser window
2025-04-06 16:14:23 [main] INFO  Log - Create page class
2025-04-06 16:14:23 [main] INFO  Log - Starting login  valid test...
2025-04-06 16:14:47 [main] INFO  Log - Starting WebDriver....
2025-04-06 16:14:48 [main] INFO  Log - Navigate To URL...
2025-04-06 16:14:48 [main] INFO  Log - Maximize Browser window
2025-04-06 16:14:49 [main] INFO  Log - Create page class
2025-04-06 16:14:49 [main] INFO  Log - Starting login  valid test...
2025-04-07 11:23:09 [main] INFO  Log - Starting WebDriver....
2025-04-07 11:23:11 [main] INFO  Log - Navigate To URL...
2025-04-07 11:23:19 [main] INFO  Log - Maximize Browser window
2025-04-07 11:23:19 [main] INFO  Log - Create page class
2025-04-07 11:23:19 [main] INFO  Log - Starting login  valid test...
2025-04-07 11:23:25 [main] INFO  Log - Starting WebDriver....
2025-04-07 11:23:26 [main] INFO  Log - Navigate To URL...
2025-04-07 11:23:32 [main] INFO  Log - Maximize Browser window
2025-04-07 11:23:32 [main] INFO  Log - Create page class
2025-04-07 11:23:32 [main] INFO  Log - Starting login  valid test...
2025-04-07 11:23:37 [main] INFO  Log - Starting WebDriver....
2025-04-07 11:23:37 [main] INFO  Log - Navigate To URL...
2025-04-07 11:23:37 [main] INFO  Log - Maximize Browser window
2025-04-07 11:23:37 [main] INFO  Log - Create page class
2025-04-07 11:25:48 [main] INFO  Log - Starting WebDriver....
2025-04-07 11:25:49 [main] INFO  Log - Navigate To URL...
2025-04-07 11:25:49 [main] INFO  Log - Maximize Browser window
2025-04-07 11:25:49 [main] INFO  Log - Create page class
2025-04-07 11:25:49 [main] INFO  Log - Starting login  valid test...
2025-04-07 11:25:50 [main] INFO  Log - Starting WebDriver....
2025-04-07 11:25:50 [main] INFO  Log - Navigate To URL...
2025-04-07 11:25:51 [main] INFO  Log - Maximize Browser window
2025-04-07 11:25:51 [main] INFO  Log - Create page class
2025-04-07 11:47:07 [main] INFO  Log - Starting WebDriver....
2025-04-07 11:47:08 [main] INFO  Log - Navigate To URL...
2025-04-07 11:47:09 [main] INFO  Log - Maximize Browser window
2025-04-07 11:47:09 [main] INFO  Log - Create page class
2025-04-07 11:47:09 [main] INFO  Log - Starting login  valid test...
2025-04-07 11:47:09 [main] INFO  Log - Starting WebDriver....
2025-04-07 11:47:09 [main] INFO  Log - Navigate To URL...
2025-04-07 11:47:11 [main] INFO  Log - Maximize Browser window
2025-04-07 11:47:11 [main] INFO  Log - Create page class
2025-04-07 12:21:50 [main] INFO  Log - Starting WebDriver....
2025-04-07 12:21:51 [main] INFO  Log - Navigate To URL...
2025-04-07 12:21:51 [main] INFO  Log - Maximize Browser window
2025-04-07 12:21:51 [main] INFO  Log - Create page class
2025-04-07 12:21:51 [main] INFO  Log - Starting login  valid test...
2025-04-07 12:21:52 [main] INFO  Log - Starting WebDriver....
2025-04-07 12:21:52 [main] INFO  Log - Navigate To URL...
2025-04-07 12:21:53 [main] INFO  Log - Maximize Browser window
2025-04-07 12:21:53 [main] INFO  Log - Create page class
2025-04-07 12:23:47 [main] INFO  Log - Starting WebDriver....
2025-04-07 12:24:15 [main] INFO  Log - Starting WebDriver....
2025-04-07 12:24:32 [main] INFO  Log - Starting WebDriver....
2025-04-07 12:24:33 [main] INFO  Log - Navigate To URL...
2025-04-07 12:24:39 [main] INFO  Log - Starting WebDriver....
2025-04-07 12:24:40 [main] INFO  Log - Navigate To URL...
2025-04-07 12:24:46 [main] INFO  Log - Maximize Browser window
2025-04-07 12:24:46 [main] INFO  Log - Create page class
2025-04-07 12:24:46 [main] INFO  Log - Starting login  valid test...
2025-04-07 12:24:50 [main] INFO  Log - Starting WebDriver....
2025-04-07 12:24:52 [main] INFO  Log - Navigate To URL...
2025-04-07 12:24:52 [main] INFO  Log - Maximize Browser window
2025-04-07 12:24:52 [main] INFO  Log - Create page class
2025-04-07 12:24:52 [main] INFO  Log - Starting login  valid test...
2025-04-07 12:24:52 [main] INFO  Log - Starting WebDriver....
2025-04-07 12:24:52 [main] INFO  Log - Navigate To URL...
2025-04-07 12:24:55 [main] INFO  Log - Maximize Browser window
2025-04-07 12:24:55 [main] INFO  Log - Create page class
2025-04-07 12:44:51 [main] INFO  Log - Starting WebDriver....
2025-04-07 12:44:52 [main] INFO  Log - Navigate To URL...
2025-04-07 12:44:53 [main] INFO  Log - Maximize Browser window
2025-04-07 12:44:53 [main] INFO  Log - Create page class
2025-04-07 12:44:53 [main] INFO  Log - Starting login  valid test...
2025-04-07 12:44:53 [main] INFO  Log - Starting WebDriver....
2025-04-07 12:44:53 [main] INFO  Log - Navigate To URL...
2025-04-07 12:44:55 [main] INFO  Log - Maximize Browser window
2025-04-07 12:44:55 [main] INFO  Log - Create page class
2025-04-07 12:48:45 [main] INFO  Log - Starting WebDriver....
2025-04-07 12:48:47 [main] INFO  Log - Navigate To URL...
2025-04-07 12:48:47 [main] INFO  Log - Maximize Browser window
2025-04-07 12:48:48 [main] INFO  Log - Create page class
2025-04-07 12:48:48 [main] INFO  Log - Starting login  valid test...
2025-04-07 12:48:48 [main] INFO  Log - Starting WebDriver....
2025-04-07 12:48:48 [main] INFO  Log - Navigate To URL...
2025-04-07 12:48:50 [main] INFO  Log - Maximize Browser window
2025-04-07 12:49:34 [main] INFO  Log - Starting WebDriver....
2025-04-07 12:49:35 [main] INFO  Log - Navigate To URL...
2025-04-07 12:49:36 [main] INFO  Log - Maximize Browser window
2025-04-07 12:49:36 [main] INFO  Log - Create page class
2025-04-07 12:49:36 [main] INFO  Log - Starting login  valid test...
2025-04-07 12:49:36 [main] INFO  Log - Starting WebDriver....
2025-04-07 12:49:36 [main] INFO  Log - Navigate To URL...
2025-04-07 12:49:37 [main] INFO  Log - Maximize Browser window
2025-04-07 12:49:37 [main] INFO  Log - Create page class
2025-04-07 13:20:13 [main] INFO  Log - Starting WebDriver....
2025-04-07 13:20:15 [main] INFO  Log - Navigate To URL...
2025-04-07 13:20:15 [main] INFO  Log - Maximize Browser window
2025-04-07 13:20:15 [main] INFO  Log - Create page class
2025-04-07 13:20:15 [main] INFO  Log - Starting login  valid test...
2025-04-07 13:20:15 [main] INFO  Log - Starting WebDriver....
2025-04-07 13:20:15 [main] INFO  Log - Navigate To URL...
2025-04-07 13:20:17 [main] INFO  Log - Maximize Browser window
2025-04-07 13:20:17 [main] INFO  Log - Create page class
2025-04-07 13:22:04 [main] INFO  Log - Starting WebDriver....
2025-04-07 13:22:05 [main] INFO  Log - Navigate To URL...
2025-04-07 13:22:06 [main] INFO  Log - Maximize Browser window
2025-04-07 13:22:06 [main] INFO  Log - Create page class
2025-04-07 13:22:06 [main] INFO  Log - Starting login  valid test...
2025-04-07 13:22:06 [main] INFO  Log - Starting WebDriver....
2025-04-07 13:22:06 [main] INFO  Log - Navigate To URL...
2025-04-07 13:22:08 [main] INFO  Log - Maximize Browser window
2025-04-07 13:22:08 [main] INFO  Log - Create page class
2025-04-07 13:23:41 [main] INFO  Log - Starting WebDriver....
2025-04-07 13:23:42 [main] INFO  Log - Navigate To URL...
2025-04-07 13:23:43 [main] INFO  Log - Maximize Browser window
2025-04-07 13:23:43 [main] INFO  Log - Create page class
2025-04-07 13:23:43 [main] INFO  Log - Starting login  valid test...
2025-04-07 13:23:43 [main] INFO  Log - Starting WebDriver....
2025-04-07 13:23:43 [main] INFO  Log - Navigate To URL...
2025-04-07 13:23:45 [main] INFO  Log - Maximize Browser window
2025-04-07 13:23:45 [main] INFO  Log - Create page class
2025-04-07 13:25:31 [main] INFO  Log - Starting WebDriver....
2025-04-07 13:26:01 [main] INFO  Log - Starting WebDriver....
2025-04-07 13:26:16 [main] INFO  Log - Starting WebDriver....
2025-04-07 13:26:18 [main] INFO  Log - Navigate To URL...
2025-04-07 13:26:28 [main] INFO  Log - Starting WebDriver....
2025-04-07 13:26:29 [main] INFO  Log - Navigate To URL...
2025-04-07 13:26:29 [main] INFO  Log - Maximize Browser window
2025-04-07 13:26:29 [main] INFO  Log - Create page class
2025-04-07 13:26:29 [main] INFO  Log - Starting login  valid test...
2025-04-07 13:26:29 [main] INFO  Log - Starting WebDriver....
2025-04-07 13:26:29 [main] INFO  Log - Navigate To URL...
2025-04-07 13:26:32 [main] INFO  Log - Maximize Browser window
2025-04-07 13:26:32 [main] INFO  Log - Create page class
2025-04-07 14:55:17 [main] INFO  Log - Starting WebDriver....
2025-04-07 14:56:04 [main] INFO  Log - Starting WebDriver....
2025-04-07 14:56:07 [main] INFO  Log - Navigate To URL...
2025-04-07 14:56:18 [main] INFO  Log - Starting WebDriver....
2025-04-07 14:56:19 [main] INFO  Log - Navigate To URL...
2025-04-07 14:56:19 [main] INFO  Log - Maximize Browser window
2025-04-07 14:56:19 [main] INFO  Log - Create page class
2025-04-07 14:56:19 [main] INFO  Log - Starting login  valid test...
2025-04-07 14:56:20 [main] INFO  Log - Starting WebDriver....
2025-04-07 14:56:20 [main] INFO  Log - Navigate To URL...
2025-04-07 14:56:22 [main] INFO  Log - Maximize Browser window
2025-04-07 14:56:22 [main] INFO  Log - Create page class
2025-04-07 14:57:05 [main] INFO  Log - Starting WebDriver....
2025-04-07 14:57:07 [main] INFO  Log - Navigate To URL...
2025-04-07 14:57:07 [main] INFO  Log - Maximize Browser window
2025-04-07 14:57:07 [main] INFO  Log - Create page class
2025-04-07 14:57:07 [main] INFO  Log - Starting login  valid test...
2025-04-07 14:57:07 [main] INFO  Log - Starting WebDriver....
2025-04-07 14:57:07 [main] INFO  Log - Navigate To URL...
2025-04-07 14:57:08 [main] INFO  Log - Maximize Browser window
2025-04-07 14:57:08 [main] INFO  Log - Create page class
2025-04-07 14:59:25 [main] INFO  Log - Starting WebDriver....
2025-04-07 14:59:26 [main] INFO  Log - Navigate To URL...
2025-04-07 14:59:27 [main] INFO  Log - Maximize Browser window
2025-04-07 14:59:27 [main] INFO  Log - Create page class
2025-04-07 14:59:27 [main] INFO  Log - Starting login  valid test...
2025-04-07 14:59:27 [main] INFO  Log - Starting WebDriver....
2025-04-07 14:59:27 [main] INFO  Log - Navigate To URL...
2025-04-07 14:59:28 [main] INFO  Log - Maximize Browser window
2025-04-07 14:59:28 [main] INFO  Log - Create page class
2025-04-07 15:01:08 [main] INFO  Log - Starting WebDriver....
2025-04-07 15:01:10 [main] INFO  Log - Navigate To URL...
2025-04-07 15:01:10 [main] INFO  Log - Maximize Browser window
2025-04-07 15:01:11 [main] INFO  Log - Create page class
2025-04-07 15:01:11 [main] INFO  Log - Starting login  valid test...
2025-04-07 15:01:11 [main] INFO  Log - Starting WebDriver....
2025-04-07 15:01:11 [main] INFO  Log - Navigate To URL...
2025-04-07 15:01:12 [main] INFO  Log - Maximize Browser window
2025-04-07 15:01:12 [main] INFO  Log - Create page class
2025-04-07 15:01:29 [main] INFO  Log - Starting WebDriver....
2025-04-07 15:01:30 [main] INFO  Log - Navigate To URL...
2025-04-07 15:01:31 [main] INFO  Log - Maximize Browser window
2025-04-07 15:01:31 [main] INFO  Log - Create page class
2025-04-07 15:01:31 [main] INFO  Log - Starting login  valid test...
2025-04-07 15:01:31 [main] INFO  Log - Starting WebDriver....
2025-04-07 15:01:31 [main] INFO  Log - Navigate To URL...
2025-04-07 15:01:32 [main] INFO  Log - Maximize Browser window
2025-04-07 15:01:32 [main] INFO  Log - Create page class
2025-04-07 15:07:06 [main] INFO  Log - Starting WebDriver....
2025-04-07 15:07:07 [main] INFO  Log - Navigate To URL...
2025-04-07 15:07:08 [main] INFO  Log - Maximize Browser window
2025-04-07 15:07:08 [main] INFO  Log - Create page class
2025-04-07 15:07:08 [main] INFO  Log - Starting login  valid test...
2025-04-07 15:07:08 [main] INFO  Log - Starting WebDriver....
2025-04-07 15:07:08 [main] INFO  Log - Navigate To URL...
2025-04-07 15:07:09 [main] INFO  Log - Maximize Browser window
2025-04-07 15:07:09 [main] INFO  Log - Create page class
2025-04-07 15:07:19 [main] INFO  Log - Starting WebDriver....
2025-04-07 15:07:20 [main] INFO  Log - Navigate To URL...
2025-04-07 15:07:20 [main] INFO  Log - Maximize Browser window
2025-04-07 15:07:21 [main] INFO  Log - Create page class
2025-04-07 15:07:21 [main] INFO  Log - Starting login  valid test...
2025-04-07 15:07:21 [main] INFO  Log - Starting WebDriver....
2025-04-07 15:07:21 [main] INFO  Log - Navigate To URL...
2025-04-07 15:07:22 [main] INFO  Log - Maximize Browser window
2025-04-07 15:07:22 [main] INFO  Log - Create page class
2025-04-07 15:09:25 [main] INFO  Log - Starting WebDriver....
2025-04-07 15:09:26 [main] INFO  Log - Navigate To URL...
2025-04-07 15:09:26 [main] INFO  Log - Maximize Browser window
2025-04-07 15:09:26 [main] INFO  Log - Create page class
2025-04-07 15:09:26 [main] INFO  Log - Starting login  valid test...
2025-04-07 15:09:27 [main] INFO  Log - Starting WebDriver....
2025-04-07 15:09:27 [main] INFO  Log - Navigate To URL...
2025-04-07 15:09:28 [main] INFO  Log - Maximize Browser window
2025-04-07 15:09:28 [main] INFO  Log - Create page class
2025-04-07 15:10:11 [main] INFO  Log - Starting WebDriver....
2025-04-07 15:10:12 [main] INFO  Log - Navigate To URL...
2025-04-07 15:10:12 [main] INFO  Log - Maximize Browser window
2025-04-07 15:10:12 [main] INFO  Log - Create page class
2025-04-07 15:10:12 [main] INFO  Log - Starting login  valid test...
2025-04-07 15:10:12 [main] INFO  Log - Starting WebDriver....
2025-04-07 15:10:12 [main] INFO  Log - Navigate To URL...
2025-04-07 15:10:14 [main] INFO  Log - Maximize Browser window
2025-04-07 15:10:14 [main] INFO  Log - Create page class
2025-04-07 15:16:49 [main] INFO  Log - Starting WebDriver....
2025-04-07 15:16:50 [main] INFO  Log - Navigate To URL...
2025-04-07 15:16:51 [main] INFO  Log - Maximize Browser window
2025-04-07 15:16:52 [main] INFO  Log - Create page class
2025-04-07 15:16:52 [main] INFO  Log - Starting login  valid test...
2025-04-07 15:16:52 [main] INFO  Log - Starting WebDriver....
2025-04-07 15:16:52 [main] INFO  Log - Navigate To URL...
2025-04-07 15:16:53 [main] INFO  Log - Maximize Browser window
2025-04-07 15:16:53 [main] INFO  Log - Create page class
2025-04-07 15:17:12 [main] INFO  Log - Starting WebDriver....
2025-04-07 15:17:13 [main] INFO  Log - Navigate To URL...
2025-04-07 15:17:13 [main] INFO  Log - Maximize Browser window
2025-04-07 15:17:13 [main] INFO  Log - Create page class
2025-04-07 15:17:13 [main] INFO  Log - Starting login  valid test...
2025-04-07 15:17:13 [main] INFO  Log - Starting WebDriver....
2025-04-07 15:17:13 [main] INFO  Log - Navigate To URL...
2025-04-07 15:17:15 [main] INFO  Log - Maximize Browser window
2025-04-07 15:17:15 [main] INFO  Log - Create page class
2025-04-07 15:17:21 [main] INFO  Log - Starting WebDriver....
2025-04-07 15:17:21 [main] INFO  Log - Navigate To URL...
2025-04-07 15:17:21 [main] INFO  Log - Maximize Browser window
2025-04-07 15:17:21 [main] INFO  Log - Create page class
2025-04-07 15:17:38 [main] INFO  Log - Starting WebDriver....
2025-04-07 15:17:39 [main] INFO  Log - Navigate To URL...
2025-04-07 15:17:39 [main] INFO  Log - Maximize Browser window
2025-04-07 15:17:40 [main] INFO  Log - Create page class
2025-04-07 15:17:40 [main] INFO  Log - Starting login  valid test...
2025-04-07 15:17:40 [main] INFO  Log - Starting WebDriver....
2025-04-07 15:17:40 [main] INFO  Log - Navigate To URL...
2025-04-07 15:17:41 [main] INFO  Log - Maximize Browser window
2025-04-07 15:17:41 [main] INFO  Log - Create page class
2025-04-07 15:17:47 [main] INFO  Log - Starting WebDriver....
2025-04-07 15:17:47 [main] INFO  Log - Navigate To URL...
2025-04-07 15:17:47 [main] INFO  Log - Maximize Browser window
2025-04-07 15:17:47 [main] INFO  Log - Create page class
2025-04-07 15:21:58 [main] INFO  Log - Starting WebDriver....
2025-04-07 15:21:59 [main] INFO  Log - Navigate To URL...
2025-04-07 15:22:06 [main] INFO  Log - Maximize Browser window
2025-04-07 15:22:06 [main] INFO  Log - Create page class
2025-04-07 15:22:06 [main] INFO  Log - Starting login  valid test...
2025-04-07 15:22:13 [main] INFO  Log - Starting WebDriver....
2025-04-07 15:22:14 [main] INFO  Log - Navigate To URL...
2025-04-07 15:22:14 [main] INFO  Log - Maximize Browser window
2025-04-07 15:22:14 [main] INFO  Log - Create page class
2025-04-07 15:22:14 [main] INFO  Log - Starting login  valid test...
2025-04-07 15:22:14 [main] INFO  Log - Starting WebDriver....
2025-04-07 15:22:14 [main] INFO  Log - Navigate To URL...
2025-04-07 15:22:16 [main] INFO  Log - Maximize Browser window
2025-04-07 15:22:16 [main] INFO  Log - Create page class
2025-04-07 15:22:21 [main] INFO  Log - Starting WebDriver....
2025-04-07 15:22:21 [main] INFO  Log - Navigate To URL...
2025-04-07 15:22:22 [main] INFO  Log - Maximize Browser window
2025-04-07 15:22:22 [main] INFO  Log - Create page class
2025-04-07 15:23:21 [main] INFO  Log - Starting WebDriver....
2025-04-07 15:23:22 [main] INFO  Log - Navigate To URL...
2025-04-07 15:23:22 [main] INFO  Log - Maximize Browser window
2025-04-07 15:23:22 [main] INFO  Log - Create page class
2025-04-07 15:23:22 [main] INFO  Log - Starting login  valid test...
2025-04-07 15:26:00 [main] INFO  Log - Starting WebDriver....
2025-04-07 15:26:01 [main] INFO  Log - Navigate To URL...
2025-04-07 15:26:01 [main] INFO  Log - Maximize Browser window
2025-04-07 15:26:02 [main] INFO  Log - Create page class
2025-04-07 15:26:02 [main] INFO  Log - Starting login  valid test...
2025-04-07 15:29:20 [main] INFO  Log - Starting WebDriver....
2025-04-07 15:29:22 [main] INFO  Log - Navigate To URL...
2025-04-07 15:29:22 [main] INFO  Log - Maximize Browser window
2025-04-07 15:29:23 [main] INFO  Log - Create page class
2025-04-07 15:29:23 [main] INFO  Log - Starting login  valid test...
2025-04-07 15:31:07 [main] INFO  Log - Starting WebDriver....
2025-04-07 15:31:09 [main] INFO  Log - Navigate To URL...
2025-04-07 15:31:09 [main] INFO  Log - Maximize Browser window
2025-04-07 15:31:10 [main] INFO  Log - Create page class
2025-04-07 15:31:10 [main] INFO  Log - Starting login  valid test...
2025-04-07 15:32:02 [main] INFO  Log - Starting WebDriver....
2025-04-07 15:32:05 [main] INFO  Log - Navigate To URL...
2025-04-07 15:32:05 [main] INFO  Log - Maximize Browser window
2025-04-07 15:32:06 [main] INFO  Log - Create page class
2025-04-07 15:32:06 [main] INFO  Log - Starting login  valid test...
2025-04-07 15:33:37 [main] INFO  Log - Starting WebDriver....
2025-04-07 15:33:39 [main] INFO  Log - Navigate To URL...
2025-04-07 15:33:39 [main] INFO  Log - Maximize Browser window
2025-04-07 15:33:39 [main] INFO  Log - Create page class
2025-04-07 15:33:39 [main] INFO  Log - Starting login  valid test...
2025-04-07 16:07:26 [main] INFO  Log - Starting WebDriver....
2025-04-07 16:07:50 [main] INFO  Log - Starting WebDriver....
2025-04-07 16:08:12 [main] INFO  Log - Starting WebDriver....
2025-04-07 16:08:14 [main] INFO  Log - Navigate To URL...
2025-04-07 16:08:26 [main] INFO  Log - Starting WebDriver....
2025-04-07 16:08:27 [main] INFO  Log - Navigate To URL...
2025-04-07 16:08:27 [main] INFO  Log - Maximize Browser window
2025-04-07 16:08:27 [main] INFO  Log - Create page class
2025-04-07 16:08:27 [main] INFO  Log - Starting login  valid test...
2025-04-07 16:08:42 [main] INFO  Log - Starting WebDriver....
2025-04-07 16:08:43 [main] INFO  Log - Navigate To URL...
2025-04-07 16:08:44 [main] INFO  Log - Maximize Browser window
2025-04-07 16:08:44 [main] INFO  Log - Create page class
2025-04-07 16:08:44 [main] INFO  Log - Starting login  valid test...
2025-04-07 16:10:25 [main] INFO  Log - Starting WebDriver....
2025-04-07 16:10:26 [main] INFO  Log - Navigate To URL...
2025-04-07 16:10:26 [main] INFO  Log - Maximize Browser window
2025-04-07 16:10:27 [main] INFO  Log - Create page class
2025-04-07 16:10:27 [main] INFO  Log - Starting login  valid test...
2025-04-07 16:57:31 [main] INFO  Log - Starting WebDriver....
2025-04-07 16:57:32 [main] INFO  Log - Navigate To URL...
2025-04-07 16:57:33 [main] INFO  Log - Maximize Browser window
2025-04-07 16:57:33 [main] INFO  Log - Create page class
2025-04-07 16:57:33 [main] INFO  Log - Starting login  valid test...
2025-04-07 16:57:44 [main] INFO  Log - Starting WebDriver....
2025-04-07 16:57:45 [main] INFO  Log - Navigate To URL...
2025-04-07 16:57:46 [main] INFO  Log - Maximize Browser window
2025-04-07 16:57:46 [main] INFO  Log - Create page class
2025-04-07 16:57:46 [main] INFO  Log - Starting login  valid test...
2025-04-07 16:57:57 [main] INFO  Log - Starting WebDriver....
2025-04-07 16:57:58 [main] INFO  Log - Navigate To URL...
2025-04-07 16:57:58 [main] INFO  Log - Maximize Browser window
2025-04-07 16:57:58 [main] INFO  Log - Create page class
2025-04-07 16:57:58 [main] INFO  Log - Starting login  valid test...
2025-04-07 16:58:57 [main] INFO  Log - Starting WebDriver....
2025-04-07 16:58:58 [main] INFO  Log - Navigate To URL...
2025-04-07 16:58:58 [main] INFO  Log - Maximize Browser window
2025-04-07 16:58:58 [main] INFO  Log - Create page class
2025-04-07 16:58:58 [main] INFO  Log - Starting login  valid test...
2025-04-08 08:48:13 [main] INFO  Log - Starting WebDriver....
2025-04-08 08:49:17 [main] INFO  Log - Starting WebDriver....
2025-04-08 08:49:29 [main] INFO  Log - Starting WebDriver....
2025-04-08 08:49:32 [main] INFO  Log - Navigate To URL...
2025-04-08 08:49:47 [main] INFO  Log - Starting WebDriver....
2025-04-08 08:49:48 [main] INFO  Log - Navigate To URL...
2025-04-08 08:49:54 [main] INFO  Log - Maximize Browser window
2025-04-08 08:49:54 [main] INFO  Log - Create page class
2025-04-08 08:49:55 [main] INFO  Log - Starting login  valid test...
2025-04-08 08:51:07 [main] INFO  Log - Starting WebDriver....
2025-04-08 08:51:08 [main] INFO  Log - Navigate To URL...
2025-04-08 08:51:08 [main] INFO  Log - Maximize Browser window
2025-04-08 08:51:09 [main] INFO  Log - Create page class
2025-04-08 08:51:09 [main] INFO  Log - Starting login  valid test...
2025-04-08 08:52:38 [main] INFO  Log - Starting WebDriver....
2025-04-08 08:52:40 [main] INFO  Log - Navigate To URL...
2025-04-08 08:52:40 [main] INFO  Log - Maximize Browser window
2025-04-08 08:52:40 [main] INFO  Log - Create page class
2025-04-08 08:52:40 [main] INFO  Log - Starting login  valid test...
2025-04-08 08:57:50 [main] INFO  Log - Starting WebDriver....
2025-04-08 08:58:03 [main] INFO  Log - Starting WebDriver....
2025-04-08 08:58:09 [main] INFO  Log - Navigate To URL...
2025-04-08 08:58:09 [main] INFO  Log - Maximize Browser window
2025-04-08 08:58:09 [main] INFO  Log - Create page class
2025-04-08 08:58:09 [main] INFO  Log - Starting login  valid test...
2025-04-08 08:58:48 [main] INFO  Log - Starting WebDriver....
2025-04-08 08:58:49 [main] INFO  Log - Navigate To URL...
2025-04-08 08:58:50 [main] INFO  Log - Maximize Browser window
2025-04-08 08:58:50 [main] INFO  Log - Create page class
2025-04-08 08:58:50 [main] INFO  Log - Starting login  valid test...
2025-04-08 09:06:59 [main] INFO  Log - Starting WebDriver....
2025-04-08 09:07:00 [main] INFO  Log - Navigate To URL...
2025-04-08 09:07:00 [main] INFO  Log - Maximize Browser window
2025-04-08 09:07:00 [main] INFO  Log - Create page class
2025-04-08 09:07:00 [main] INFO  Log - Starting login  valid test...
2025-04-08 09:07:29 [main] INFO  Log - Starting WebDriver....
2025-04-08 09:07:30 [main] INFO  Log - Navigate To URL...
2025-04-08 09:07:31 [main] INFO  Log - Maximize Browser window
2025-04-08 09:07:31 [main] INFO  Log - Create page class
2025-04-08 09:07:31 [main] INFO  Log - Starting login  valid test...
2025-04-08 09:10:29 [main] INFO  Log - Starting WebDriver....
2025-04-08 09:10:31 [main] INFO  Log - Navigate To URL...
2025-04-08 09:10:31 [main] INFO  Log - Maximize Browser window
2025-04-08 09:10:31 [main] INFO  Log - Create page class
2025-04-08 09:10:31 [main] INFO  Log - Starting login  valid test...
2025-04-08 09:24:53 [main] INFO  Log - Starting WebDriver....
2025-04-08 09:24:54 [main] INFO  Log - Navigate To URL...
2025-04-08 09:24:55 [main] INFO  Log - Maximize Browser window
2025-04-08 09:24:55 [main] INFO  Log - Create page class
2025-04-08 09:24:55 [main] INFO  Log - Starting valid login test...
2025-04-08 09:24:56 [main] ERROR Log - Login failed: 
2025-04-08 09:25:21 [main] INFO  Log - Starting WebDriver....
2025-04-08 09:25:22 [main] INFO  Log - Navigate To URL...
2025-04-08 09:25:23 [main] INFO  Log - Maximize Browser window
2025-04-08 09:25:23 [main] INFO  Log - Create page class
2025-04-08 09:25:23 [main] INFO  Log - Starting valid login test...
2025-04-08 09:25:24 [main] ERROR Log - Login failed: 
2025-04-08 09:27:37 [main] INFO  Log - Starting WebDriver....
2025-04-08 09:27:39 [main] INFO  Log - Navigate To URL...
2025-04-08 09:27:39 [main] INFO  Log - Maximize Browser window
2025-04-08 09:27:39 [main] INFO  Log - Create page class
2025-04-08 09:27:39 [main] INFO  Log - Starting valid login test...
2025-04-08 09:27:50 [main] ERROR Log - Login failed: 
2025-04-08 09:29:55 [main] INFO  Log - Starting WebDriver....
2025-04-08 09:29:56 [main] INFO  Log - Navigate To URL...
2025-04-08 09:29:57 [main] INFO  Log - Maximize Browser window
2025-04-08 09:29:57 [main] INFO  Log - Create page class
2025-04-08 09:29:57 [main] INFO  Log - Starting valid login test...
2025-04-08 09:29:58 [main] INFO  Log - Login test passed.
2025-04-08 09:31:37 [main] INFO  Log - Starting WebDriver....
2025-04-08 09:31:38 [main] INFO  Log - Navigate To URL...
2025-04-08 09:31:38 [main] INFO  Log - Maximize Browser window
2025-04-08 09:31:38 [main] INFO  Log - Create page class
2025-04-08 09:31:38 [main] INFO  Log - Starting valid login test...
2025-04-08 09:31:40 [main] INFO  Log - Login test passed.
2025-04-08 09:33:11 [main] INFO  Log - Starting WebDriver....
2025-04-08 09:33:12 [main] INFO  Log - Navigate To URL...
2025-04-08 09:33:13 [main] INFO  Log - Maximize Browser window
2025-04-08 09:33:13 [main] INFO  Log - Create page class
2025-04-08 09:33:13 [main] INFO  Log - Starting valid login test...
2025-04-08 09:33:24 [main] ERROR Log - Login failed: 
2025-04-08 14:05:54 [main] INFO  Log - Starting WebDriver....
2025-04-08 14:06:23 [main] INFO  Log - Starting WebDriver....
2025-04-08 14:06:25 [main] INFO  Log - Navigate To URL...
2025-04-08 14:06:35 [main] INFO  Log - Maximize Browser window
2025-04-08 14:06:36 [main] INFO  Log - Create page class
2025-04-08 14:06:36 [main] INFO  Log - Starting valid login test...
2025-04-08 14:06:36 [main] ERROR Log - Login failed: 
2025-04-08 14:06:42 [main] INFO  Log - Starting WebDriver....
2025-04-08 14:06:43 [main] INFO  Log - Navigate To URL...
2025-04-08 14:06:48 [main] INFO  Log - Maximize Browser window
2025-04-08 14:06:55 [main] INFO  Log - Starting WebDriver....
2025-04-08 14:06:56 [main] INFO  Log - Navigate To URL...
2025-04-08 14:06:57 [main] INFO  Log - Maximize Browser window
2025-04-08 14:06:57 [main] INFO  Log - Create page class
2025-04-08 14:06:57 [main] INFO  Log - Starting valid login test...
2025-04-08 14:07:02 [main] INFO  Log - Login test passed.
2025-04-08 14:07:12 [main] INFO  Log - Starting WebDriver....
2025-04-08 14:07:13 [main] INFO  Log - Navigate To URL...
2025-04-08 14:07:13 [main] INFO  Log - Maximize Browser window
2025-04-08 14:07:14 [main] INFO  Log - Create page class
2025-04-08 14:07:14 [main] INFO  Log - Starting valid login test...
2025-04-08 14:07:15 [main] INFO  Log - Login test passed.
2025-04-08 14:07:41 [main] INFO  Log - Starting WebDriver....
2025-04-08 14:07:43 [main] INFO  Log - Navigate To URL...
2025-04-08 14:07:43 [main] INFO  Log - Maximize Browser window
2025-04-08 14:07:43 [main] INFO  Log - Create page class
2025-04-08 14:07:43 [main] INFO  Log - Starting valid login test...
2025-04-08 14:07:44 [main] INFO  Log - Login test passed.
2025-04-09 12:14:37 [main] INFO  Log - Starting WebDriver....
2025-04-09 12:15:39 [main] INFO  Log - Starting WebDriver....
2025-04-09 12:15:53 [main] INFO  Log - Starting WebDriver....
2025-04-09 12:15:55 [main] INFO  Log - Navigate To URL...
2025-04-09 12:15:56 [main] INFO  Log - Maximize Browser window
2025-04-09 12:15:56 [main] INFO  Log - Create page class
2025-04-09 12:15:56 [main] INFO  Log - Starting valid login test...
2025-04-09 12:15:57 [main] INFO  Log - Login test passed.
2025-04-09 12:16:16 [main] INFO  Log - Starting WebDriver....
2025-04-09 12:16:17 [main] INFO  Log - Navigate To URL...
2025-04-09 12:16:17 [main] INFO  Log - Maximize Browser window
2025-04-09 12:16:17 [main] INFO  Log - Create page class
2025-04-09 12:16:17 [main] INFO  Log - Starting valid login test...
2025-04-09 12:16:18 [main] INFO  Log - Login test passed.
2025-04-09 12:19:13 [main] INFO  Log - Starting WebDriver....
2025-04-09 12:19:15 [main] INFO  Log - Navigate To URL...
2025-04-09 12:19:32 [main] INFO  Log - Maximize Browser window
2025-04-09 12:19:44 [main] INFO  Log - Starting WebDriver....
2025-04-09 12:19:45 [main] INFO  Log - Navigate To URL...
2025-04-09 12:19:54 [main] INFO  Log - Maximize Browser window
2025-04-09 12:19:54 [main] INFO  Log - Create page class
2025-04-09 12:19:54 [main] INFO  Log - Starting valid login test...
2025-04-09 12:19:54 [main] ERROR Log - Login failed: 
2025-04-09 12:20:02 [main] INFO  Log - Starting WebDriver....
2025-04-09 12:20:03 [main] INFO  Log - Navigate To URL...
2025-04-09 12:20:07 [main] INFO  Log - Maximize Browser window
2025-04-09 12:20:18 [main] INFO  Log - Starting WebDriver....
2025-04-09 12:20:20 [main] INFO  Log - Navigate To URL...
2025-04-09 12:20:24 [main] INFO  Log - Maximize Browser window
2025-04-09 12:20:41 [main] INFO  Log - Starting WebDriver....
2025-04-09 12:20:42 [main] INFO  Log - Navigate To URL...
2025-04-09 12:21:09 [main] INFO  Log - Maximize Browser window
2025-04-09 12:21:21 [main] INFO  Log - Starting WebDriver....
2025-04-09 12:21:28 [main] INFO  Log - Navigate To URL...
2025-04-09 12:21:41 [main] INFO  Log - Starting WebDriver....
2025-04-09 12:21:42 [main] INFO  Log - Navigate To URL...
2025-04-09 12:21:52 [main] INFO  Log - Starting WebDriver....
2025-04-09 12:21:54 [main] INFO  Log - Navigate To URL...
2025-04-09 14:32:34 [main] INFO  Log - Starting WebDriver....
2025-04-09 14:32:36 [main] INFO  Log - Navigate To URL...
2025-04-09 14:32:39 [main] INFO  Log - Maximize Browser window
2025-04-09 14:39:21 [main] INFO  Log - Starting WebDriver....
2025-04-09 14:39:21 [main] INFO  Log - Navigate To URL...
